Log file open, 09/20/21 16:00:34
LogWindows: Failed to load 'aqProf.dll' (GetLastError=126)
LogWindows: File 'aqProf.dll' does not exist
LogWindows: Failed to load 'VtuneApi.dll' (GetLastError=126)
LogWindows: File 'VtuneApi.dll' does not exist
LogWindows: Failed to load 'VtuneApi32e.dll' (GetLastError=126)
LogWindows: File 'VtuneApi32e.dll' does not exist
LogConsoleResponse: Display: Failed to find resolution value strings in scalability ini. Falling back to default.
LogInit: Display: Running engine for game: Pavlov
LogPakFile: Registered encryption key '00000000000000000000000000000000': 0 pak files mounted, 0 remain pending
LogPlatformFile: Not using cached read wrapper
LogTaskGraph: Started task graph with 5 named threads and 47 total threads with 3 sets of task threads.
LogStats: Stats thread started at 0.723733
LogD3D11RHI: Loaded GFSDK_Aftermath_Lib.x64.dll
LogICUInternationalization: ICU TimeZone Detection - Raw Offset: +1:00, Platform Override: ''
LogPluginManager: Mounting plugin Paper2D
LogPluginManager: Mounting plugin AISupport
LogPluginManager: Mounting plugin LightPropagationVolume
LogPluginManager: Mounting plugin ActorLayerUtilities
LogPluginManager: Mounting plugin CLionSourceCodeAccess
LogPluginManager: Mounting plugin CodeLiteSourceCodeAccess
LogPluginManager: Mounting plugin GitSourceControl
LogPluginManager: Mounting plugin KDevelopSourceCodeAccess
LogPluginManager: Mounting plugin NullSourceCodeAccess
LogPluginManager: Mounting plugin PerforceSourceControl
LogPluginManager: Mounting plugin SubversionSourceControl
LogPluginManager: Mounting plugin UObjectPlugin
LogPluginManager: Mounting plugin VisualStudioCodeSourceCodeAccess
LogPluginManager: Mounting plugin VisualStudioSourceCodeAccess
LogPluginManager: Mounting plugin XCodeSourceCodeAccess
LogPluginManager: Mounting plugin AssetManagerEditor
LogPluginManager: Mounting plugin CryptoKeys
LogPluginManager: Mounting plugin DataValidation
LogPluginManager: Mounting plugin FacialAnimation
LogPluginManager: Mounting plugin GameplayTagsEditor
LogPluginManager: Mounting plugin MacGraphicsSwitching
LogPluginManager: Mounting plugin MeshEditor
LogPluginManager: Mounting plugin MobileLauncherProfileWizard
LogPluginManager: Mounting plugin PluginBrowser
LogPluginManager: Mounting plugin SpeedTreeImporter
LogPluginManager: Mounting plugin DatasmithContent
LogPluginManager: Mounting plugin VariantManagerContent
LogPluginManager: Mounting plugin AlembicImporter
LogPluginManager: Mounting plugin AppleImageUtils
LogPluginManager: Mounting plugin AppleVision
LogPluginManager: Mounting plugin BackChannel
LogPluginManager: Mounting plugin CharacterAI
LogPluginManager: Mounting plugin GeometryCache
LogPluginManager: Mounting plugin HTML5Networking
LogPluginManager: Mounting plugin ProxyLODPlugin
LogPluginManager: Mounting plugin MagicLeap
LogPluginManager: Mounting plugin MagicLeapMedia
LogPluginManager: Mounting plugin AndroidMedia
LogPluginManager: Mounting plugin AvfMedia
LogPluginManager: Mounting plugin ImgMedia
LogPluginManager: Mounting plugin LinearTimecode
LogPluginManager: Mounting plugin MediaCompositing
LogPluginManager: Mounting plugin MediaPlayerEditor
LogPluginManager: Mounting plugin WebMMedia
LogPluginManager: Mounting plugin WmfMedia
LogPluginManager: Mounting plugin TcpMessaging
LogPluginManager: Mounting plugin UdpMessaging
LogPluginManager: Mounting plugin ActorSequence
LogPluginManager: Mounting plugin LevelSequenceEditor
LogPluginManager: Mounting plugin MatineeToLevelSequence
LogPluginManager: Mounting plugin NetcodeUnitTest
LogPluginManager: Mounting plugin NUTUnrealEngine4
LogPluginManager: Mounting plugin OnlineSubsystemGooglePlay
LogPluginManager: Mounting plugin OnlineSubsystemIOS
LogPluginManager: Mounting plugin OnlineSubsystem
LogPluginManager: Mounting plugin OnlineSubsystemNull
LogPluginManager: Mounting plugin OnlineSubsystemUtils
LogPluginManager: Mounting plugin LauncherChunkInstaller
LogPluginManager: Mounting plugin AndroidDeviceProfileSelector
LogPluginManager: Mounting plugin AndroidMoviePlayer
LogPluginManager: Mounting plugin AndroidPermission
LogPluginManager: Mounting plugin ApexDestruction
LogPluginManager: Mounting plugin AppleMoviePlayer
LogPluginManager: Mounting plugin ArchVisCharacter
LogPluginManager: Mounting plugin AudioCapture
LogPluginManager: Mounting plugin CableComponent
LogPluginManager: Mounting plugin CustomMeshComponent
LogPluginManager: Mounting plugin EditableMesh
LogPluginManager: Mounting plugin ExampleDeviceProfileSelector
LogPluginManager: Mounting plugin Firebase
LogPluginManager: Mounting plugin GoogleCloudMessaging
LogPluginManager: Mounting plugin IOSDeviceProfileSelector
LogPluginManager: Mounting plugin LinuxDeviceProfileSelector
LogPluginManager: Mounting plugin LocationServicesBPLibrary
LogPluginManager: Mounting plugin MobilePatchingUtils
LogPluginManager: Mounting plugin OculusVR
LogPluginManager: Mounting plugin PhysXVehicles
LogPluginManager: Mounting plugin ProceduralMeshComponent
LogPluginManager: Mounting plugin RuntimePhysXCooking
LogPluginManager: Mounting plugin SteamAudio
LogPluginManager: Mounting plugin SteamVR
LogPluginManager: Mounting plugin WebMMoviePlayer
LogPluginManager: Mounting plugin WindowsMoviePlayer
LogPluginManager: Mounting plugin CustomMapTools
LogPluginManager: Mounting plugin JsonUtils
LogStreaming: Display: Took  0.058s to configure plugins.
LogInit: Using libcurl 7.55.1-DEV
LogInit:  - built for x86_64-pc-win32
LogInit:  - supports SSL with OpenSSL/1.0.2h
LogInit:  - supports HTTP deflate (compression) using libz 1.2.8
LogInit:  - other features:
LogInit:      CURL_VERSION_SSL
LogInit:      CURL_VERSION_LIBZ
LogInit:      CURL_VERSION_IPV6
LogInit:      CURL_VERSION_ASYNCHDNS
LogInit:      CURL_VERSION_LARGEFILE
LogInit:      CURL_VERSION_IDN
LogInit:  CurlRequestOptions (configurable via config and command line):
LogInit:  - bVerifyPeer = true  - Libcurl will verify peer certificate
LogInit:  - bUseHttpProxy = false  - Libcurl will NOT use HTTP proxy
LogInit:  - bDontReuseConnections = false  - Libcurl will reuse connections
LogInit:  - MaxHostConnections = 16  - Libcurl will limit the number of connections to a host
LogInit:  - LocalHostAddr = Default
LogInit:  - BufferSize = 65536
LogInit: WinSock: version 1.1 (2.2), MaxSocks=32767, MaxUdp=65467
LogHMD: Failed initializing OVRPlugin 1.28.0
LogInit: Build: ++UE4+Release-4.21-CL-4753647
LogInit: Engine Version: 4.21.2-4753647+++UE4+Release-4.21
LogInit: Compatible Engine Version: 4.21.0-4541578+++UE4+Release-4.21
LogInit: Net CL: 4541578
LogInit: OS: Windows 10 (), CPU: Intel(R) Core(TM) i9-9900K CPU @ 3.60GHz, GPU: NVIDIA GeForce RTX 3080
LogInit: Compiled (64-bit): Jan 19 2019 02:07:31
LogInit: Compiled with Visual C++: 19.13.26129.00
LogInit: Build Configuration: Development
LogInit: Branch Name: ++UE4+Release-4.21
LogInit: Command Line: 
LogInit: Base Directory: C:/Program Files/Epic Games/UE_4.21/Engine/Binaries/Win64/
LogInit: Installed Engine Build: 1
LogDevObjectVersion: Number of dev versions registered: 22
LogDevObjectVersion:   Dev-Blueprints (B0D832E4-1F89-4F0D-ACCF-7EB736FD4AA2): 10
LogDevObjectVersion:   Dev-Build (E1C64328-A22C-4D53-A36C-8E866417BD8C): 0
LogDevObjectVersion:   Dev-Core (375EC13C-06E4-48FB-B500-84F0262A717E): 2
LogDevObjectVersion:   Dev-Editor (E4B068ED-F494-42E9-A231-DA0B2E46BB41): 26
LogDevObjectVersion:   Dev-Framework (CFFC743F-43B0-4480-9391-14DF171D2073): 34
LogDevObjectVersion:   Dev-Mobile (B02B49B5-BB20-44E9-A304-32B752E40360): 2
LogDevObjectVersion:   Dev-Networking (A4E4105C-59A1-49B5-A7C5-40C4547EDFEE): 0
LogDevObjectVersion:   Dev-Online (39C831C9-5AE6-47DC-9A44-9C173E1C8E7C): 0
LogDevObjectVersion:   Dev-Physics (78F01B33-EBEA-4F98-B9B4-84EACCB95AA2): 0
LogDevObjectVersion:   Dev-Platform (6631380F-2D4D-43E0-8009-CF276956A95A): 0
LogDevObjectVersion:   Dev-Rendering (12F88B9F-8875-4AFC-A67C-D90C383ABD29): 27
LogDevObjectVersion:   Dev-Sequencer (7B5AE74C-D270-4C10-A958-57980B212A5A): 9
LogDevObjectVersion:   Dev-VR (D7296918-1DD6-4BDD-9DE2-64A83CC13884): 2
LogDevObjectVersion:   Dev-LoadTimes (C2A15278-BFE7-4AFE-6C17-90FF531DF755): 1
LogDevObjectVersion:   Private-Geometry (6EACA3D4-40EC-4CC1-B786-8BED09428FC5): 3
LogDevObjectVersion:   Dev-AnimPhys (29E575DD-E0A3-4627-9D10-D276232CDCEA): 17
LogDevObjectVersion:   Dev-Anim (AF43A65D-7FD3-4947-9873-3E8ED9C1BB05): 2
LogDevObjectVersion:   Dev-ReflectionCapture (6B266CEC-1EC7-4B8F-A30B-E4D90942FC07): 1
LogDevObjectVersion:   Dev-Automation (0DF73D61-A23F-47EA-B727-89E90C41499A): 1
LogDevObjectVersion:   FortniteMain (601D1886-AC64-4F84-AA16-D3DE0DEAC7D6): 17
LogDevObjectVersion:   Dev-Enterprise (9DFFBCD6-494F-0158-E221-12823C92A888): 4
LogDevObjectVersion:   Dev-Niagara (F2AED0AC-9AFE-416F-8664-AA7FFA26D6FC): 1
LogStreaming: Display: Took  0.000s to delete old logs.
LogInit: Presizing for max 8388607 objects, including 0 objects not considered by GC, pre-allocating 0 bytes for permanent pool.
LogInit: Object subsystem initialized
LogConfig: Setting CVar [[con.DebugEarlyDefault:1]]
LogConfig: Setting CVar [[r.setres:1280x720]]
[2021.09.20-14.00.35:473][  0]LogConfig: Setting CVar [[r.VSync:0]]
[2021.09.20-14.00.35:473][  0]LogConfig: Setting CVar [[r.RHICmdBypass:0]]
[2021.09.20-14.00.35:473][  0]LogConfig: Applying CVar settings from Section [/Script/Engine.RendererSettings] File [H:/Unreal Projects/PavlovArtilleryPack/Saved/Config/Windows/Engine.ini]
[2021.09.20-14.00.35:473][  0]LogConfig: Setting CVar [[r.GPUCrashDebugging:0]]
[2021.09.20-14.00.35:473][  0]LogConfig: Setting CVar [[r.SeparateTranslucency:0]]
[2021.09.20-14.00.35:473][  0]LogConfig: Setting CVar [[r.CustomDepth:0]]
[2021.09.20-14.00.35:473][  0]LogConfig: Setting CVar [[r.DefaultFeature.Bloom:0]]
[2021.09.20-14.00.35:473][  0]LogConfig: Setting CVar [[r.DefaultFeature.AmbientOcclusion:0]]
[2021.09.20-14.00.35:473][  0]LogConfig: Setting CVar [[r.DefaultFeature.AmbientOcclusionStaticFraction:0]]
[2021.09.20-14.00.35:473][  0]LogConfig: Setting CVar [[r.DefaultFeature.AutoExposure:0]]
[2021.09.20-14.00.35:473][  0]LogConfig: Setting CVar [[r.DefaultFeature.AutoExposure.Method:2]]
[2021.09.20-14.00.35:473][  0]LogConfig: Setting CVar [[r.DefaultFeature.MotionBlur:0]]
[2021.09.20-14.00.35:473][  0]LogConfig: Setting CVar [[vr.InstancedStereo:1]]
[2021.09.20-14.00.35:473][  0]LogConfig: Setting CVar [[r.NormalMapsForStaticLighting:0]]
[2021.09.20-14.00.35:473][  0]LogConfig: Setting CVar [[r.MobileNumDynamicPointLights:2]]
[2021.09.20-14.00.35:473][  0]LogConfig: Setting CVar [[r.EarlyZPass:3]]
[2021.09.20-14.00.35:473][  0]LogConfig: Setting CVar [[r.ClearSceneMethod:1]]
[2021.09.20-14.00.35:473][  0]LogConfig: Setting CVar [[r.MobileHDR:0]]
[2021.09.20-14.00.35:473][  0]LogConfig: Setting CVar [[r.ForwardShading:1]]
[2021.09.20-14.00.35:473][  0]LogConfig: Setting CVar [[r.DefaultFeature.AntiAliasing:3]]
[2021.09.20-14.00.35:473][  0]LogConfig: Setting CVar [[r.ReflectionCaptureResolution:128]]
[2021.09.20-14.00.35:473][  0]LogConfig: Setting CVar [[r.Streaming.MaxTempMemoryAllowed:512]]
[2021.09.20-14.00.35:473][  0]LogConfig: Setting CVar [[r.EarlyZPassMovable:0]]
[2021.09.20-14.00.35:473][  0]LogConfig: Setting CVar [[r.ParallelTranslucency:0]]
[2021.09.20-14.00.35:473][  0]LogConfig: Setting CVar [[r.ReflectionEnvironmentLightmapMixBasedOnRoughness:0]]
[2021.09.20-14.00.35:473][  0]LogConfig: Setting CVar [[r.DBuffer:1]]
[2021.09.20-14.00.35:473][  0]LogConfig: Setting CVar [[r.SupportAtmosphericFog:0]]
[2021.09.20-14.00.35:473][  0]LogConfig: Setting CVar [[r.SupportPointLightWholeSceneShadows:0]]
[2021.09.20-14.00.35:473][  0]LogConfig: Setting CVar [[r.SupportStationarySkylight:0]]
[2021.09.20-14.00.35:473][  0]LogConfig: Setting CVar [[r.Mobile.EnableStaticAndCSMShadowReceivers:0]]
[2021.09.20-14.00.35:473][  0]LogConfig: Setting CVar [[r.Mobile.AllowDistanceFieldShadows:0]]
[2021.09.20-14.00.35:473][  0]LogConfig: Setting CVar [[r.Mobile.AllowMovableDirectionalLights:0]]
[2021.09.20-14.00.35:473][  0]LogConfig: Setting CVar [[r.TextureStreaming:1]]
[2021.09.20-14.00.35:473][  0]LogConfig: Setting CVar [[r.Streaming.UseNewMetrics:0]]
[2021.09.20-14.00.35:473][  0]LogConfig: Setting CVar [[r.MobileMSAA:1]]
[2021.09.20-14.00.35:473][  0]LogConfig: Setting CVar [[r.TonemapperFilm:0]]
[2021.09.20-14.00.35:473][  0]LogConfig: Setting CVar [[r.Tonemapper.Quality:0]]
[2021.09.20-14.00.35:473][  0]LogConfig: Setting CVar [[vr.RoundRobinOcclusion:1]]
[2021.09.20-14.00.35:473][  0]LogConfig: Setting CVar [[r.Shadow.UnbuiltPreviewInGame:0]]
[2021.09.20-14.00.35:473][  0]LogConfig: Setting CVar [[r.GBufferFormat:1]]
[2021.09.20-14.00.35:474][  0]LogConfig: Setting CVar [[r.Mobile.UseLegacyShadingModel:1]]
[2021.09.20-14.00.35:474][  0]LogConfig: Setting CVar [[r.AllowOcclusionQueries:1]]
[2021.09.20-14.00.35:474][  0]LogConfig: Applying CVar settings from Section [/Script/Engine.RendererOverrideSettings] File [H:/Unreal Projects/PavlovArtilleryPack/Saved/Config/Windows/Engine.ini]
[2021.09.20-14.00.35:474][  0]LogConfig: Applying CVar settings from Section [/Script/Engine.StreamingSettings] File [H:/Unreal Projects/PavlovArtilleryPack/Saved/Config/Windows/Engine.ini]
[2021.09.20-14.00.35:474][  0]LogConfig: Setting CVar [[s.MinBulkDataSizeForAsyncLoading:131072]]
[2021.09.20-14.00.35:474][  0]LogConfig: Setting CVar [[s.AsyncLoadingThreadEnabled:0]]
[2021.09.20-14.00.35:474][  0]LogConfig: Setting CVar [[s.EventDrivenLoaderEnabled:0]]
[2021.09.20-14.00.35:474][  0]LogConfig: Setting CVar [[s.WarnIfTimeLimitExceeded:0]]
[2021.09.20-14.00.35:474][  0]LogConfig: Setting CVar [[s.TimeLimitExceededMultiplier:1.5]]
[2021.09.20-14.00.35:474][  0]LogConfig: Setting CVar [[s.TimeLimitExceededMinTime:0.005]]
[2021.09.20-14.00.35:474][  0]LogConfig: Setting CVar [[s.UseBackgroundLevelStreaming:1]]
[2021.09.20-14.00.35:474][  0]LogConfig: Setting CVar [[s.PriorityAsyncLoadingExtraTime:15.0]]
[2021.09.20-14.00.35:474][  0]LogConfig: Setting CVar [[s.LevelStreamingActorsUpdateTimeLimit:5.0]]
[2021.09.20-14.00.35:474][  0]LogConfig: Setting CVar [[s.PriorityLevelStreamingActorsUpdateExtraTime:5.0]]
[2021.09.20-14.00.35:474][  0]LogConfig: Setting CVar [[s.LevelStreamingComponentsRegistrationGranularity:10]]
[2021.09.20-14.00.35:474][  0]LogConfig: Setting CVar [[s.UnregisterComponentsTimeLimit:1.0]]
[2021.09.20-14.00.35:474][  0]LogConfig: Setting CVar [[s.LevelStreamingComponentsUnregistrationGranularity:5]]
[2021.09.20-14.00.35:474][  0]LogConfig: Applying CVar settings from Section [/Script/Engine.GarbageCollectionSettings] File [H:/Unreal Projects/PavlovArtilleryPack/Saved/Config/Windows/Engine.ini]
[2021.09.20-14.00.35:474][  0]LogConfig: Setting CVar [[gc.MaxObjectsNotConsideredByGC:1]]
[2021.09.20-14.00.35:474][  0]LogConfig: Setting CVar [[gc.SizeOfPermanentObjectPool:0]]
[2021.09.20-14.00.35:474][  0]LogConfig: Setting CVar [[gc.FlushStreamingOnGC:0]]
[2021.09.20-14.00.35:474][  0]LogConfig: Setting CVar [[gc.NumRetriesBeforeForcingGC:10]]
[2021.09.20-14.00.35:474][  0]LogConfig: Setting CVar [[gc.AllowParallelGC:1]]
[2021.09.20-14.00.35:474][  0]LogConfig: Setting CVar [[gc.TimeBetweenPurgingPendingKillObjects:61.1]]
[2021.09.20-14.00.35:474][  0]LogConfig: Setting CVar [[gc.MaxObjectsInEditor:8388607]]
[2021.09.20-14.00.35:474][  0]LogConfig: Setting CVar [[gc.IncrementalBeginDestroyEnabled:1]]
[2021.09.20-14.00.35:474][  0]LogConfig: Setting CVar [[gc.CreateGCClusters:1]]
[2021.09.20-14.00.35:474][  0]LogConfig: Setting CVar [[gc.MergeGCClusters:0]]
[2021.09.20-14.00.35:474][  0]LogConfig: Setting CVar [[gc.MinGCClusterSize:5]]
[2021.09.20-14.00.35:474][  0]LogConfig: Setting CVar [[gc.ActorClusteringEnabled:0]]
[2021.09.20-14.00.35:474][  0]LogConfig: Setting CVar [[gc.BlueprintClusteringEnabled:0]]
[2021.09.20-14.00.35:474][  0]LogConfig: Setting CVar [[gc.UseDisregardForGCOnDedicatedServers:0]]
[2021.09.20-14.00.35:474][  0]LogConfig: Applying CVar settings from Section [/Script/Engine.NetworkSettings] File [H:/Unreal Projects/PavlovArtilleryPack/Saved/Config/Windows/Engine.ini]
[2021.09.20-14.00.35:474][  0]LogConfig: Setting CVar [[net.MaxRepArraySize:2048]]
[2021.09.20-14.00.35:474][  0]LogConfig: Applying CVar settings from Section [/Script/UnrealEd.CookerSettings] File [H:/Unreal Projects/PavlovArtilleryPack/Saved/Config/Windows/Engine.ini]
[2021.09.20-14.00.35:475][  0]LogConfig: Applying CVar settings from Section [ViewDistanceQuality@3] File [H:/Unreal Projects/PavlovArtilleryPack/Saved/Config/Windows/Scalability.ini]
[2021.09.20-14.00.35:475][  0]LogConfig: Setting CVar [[r.SkeletalMeshLODBias:0]]
[2021.09.20-14.00.35:475][  0]LogConfig: Setting CVar [[r.ViewDistanceScale:1.0]]
[2021.09.20-14.00.35:475][  0]LogConfig: Applying CVar settings from Section [AntiAliasingQuality@3] File [H:/Unreal Projects/PavlovArtilleryPack/Saved/Config/Windows/Scalability.ini]
[2021.09.20-14.00.35:475][  0]LogConfig: Setting CVar [[r.PostProcessAAQuality:0]]
[2021.09.20-14.00.35:475][  0]LogConfig: Setting CVar [[r.MSAACount:4]]
[2021.09.20-14.00.35:475][  0]LogConfig: Applying CVar settings from Section [ShadowQuality@3] File [H:/Unreal Projects/PavlovArtilleryPack/Saved/Config/Windows/Scalability.ini]
[2021.09.20-14.00.35:475][  0]LogConfig: Setting CVar [[r.LightFunctionQuality:0]]
[2021.09.20-14.00.35:475][  0]LogConfig: Setting CVar [[r.ShadowQuality:0]]
[2021.09.20-14.00.35:475][  0]LogConfig: Setting CVar [[r.Shadow.CSM.MaxCascades:1]]
[2021.09.20-14.00.35:475][  0]LogConfig: Setting CVar [[r.Shadow.MaxResolution:512]]
[2021.09.20-14.00.35:475][  0]LogConfig: Setting CVar [[r.Shadow.MaxCSMResolution:2048]]
[2021.09.20-14.00.35:475][  0]LogConfig: Setting CVar [[r.Shadow.RadiusThreshold:0.06]]
[2021.09.20-14.00.35:475][  0]LogConfig: Setting CVar [[r.Shadow.DistanceScale:0.6]]
[2021.09.20-14.00.35:475][  0]LogConfig: Setting CVar [[r.Shadow.CSM.TransitionScale:0]]
[2021.09.20-14.00.35:475][  0]LogConfig: Setting CVar [[r.Shadow.PreShadowResolutionFactor:1.0]]
[2021.09.20-14.00.35:475][  0]LogConfig: Setting CVar [[r.DistanceFieldShadowing:0]]
[2021.09.20-14.00.35:475][  0]LogConfig: Setting CVar [[r.DistanceFieldAO:0]]
[2021.09.20-14.00.35:475][  0]LogConfig: Setting CVar [[r.AOQuality:2]]
[2021.09.20-14.00.35:475][  0]LogConfig: Setting CVar [[r.VolumetricFog:1]]
[2021.09.20-14.00.35:475][  0]LogConfig: Setting CVar [[r.VolumetricFog.GridPixelSize:8]]
[2021.09.20-14.00.35:475][  0]LogConfig: Setting CVar [[r.VolumetricFog.GridSizeZ:128]]
[2021.09.20-14.00.35:475][  0]LogConfig: Setting CVar [[r.VolumetricFog.HistoryMissSupersampleCount:4]]
[2021.09.20-14.00.35:475][  0]LogConfig: Setting CVar [[r.LightMaxDrawDistanceScale:1]]
[2021.09.20-14.00.35:475][  0]LogConfig: Setting CVar [[r.CapsuleShadows:1]]
[2021.09.20-14.00.35:475][  0]LogConfig: Applying CVar settings from Section [PostProcessQuality@3] File [H:/Unreal Projects/PavlovArtilleryPack/Saved/Config/Windows/Scalability.ini]
[2021.09.20-14.00.35:475][  0]LogConfig: Setting CVar [[r.MotionBlurQuality:0]]
[2021.09.20-14.00.35:475][  0]LogConfig: Setting CVar [[r.AmbientOcclusionMipLevelFactor:1.0]]
[2021.09.20-14.00.35:475][  0]LogConfig: Setting CVar [[r.AmbientOcclusionMaxQuality:0]]
[2021.09.20-14.00.35:475][  0]LogConfig: Setting CVar [[r.AmbientOcclusionLevels:0]]
[2021.09.20-14.00.35:475][  0]LogConfig: Setting CVar [[r.AmbientOcclusionRadiusScale:1.2]]
[2021.09.20-14.00.35:475][  0]LogConfig: Setting CVar [[r.DepthOfFieldQuality:0]]
[2021.09.20-14.00.35:475][  0]LogConfig: Setting CVar [[r.RenderTargetPoolMin:300]]
[2021.09.20-14.00.35:475][  0]LogConfig: Setting CVar [[r.LensFlareQuality:0]]
[2021.09.20-14.00.35:475][  0]LogConfig: Setting CVar [[r.SceneColorFringeQuality:0]]
[2021.09.20-14.00.35:475][  0]LogConfig: Setting CVar [[r.EyeAdaptationQuality:0]]
[2021.09.20-14.00.35:475][  0]LogConfig: Setting CVar [[r.BloomQuality:4]]
[2021.09.20-14.00.35:475][  0]LogConfig: Setting CVar [[r.FastBlurThreshold:0]]
[2021.09.20-14.00.35:475][  0]LogConfig: Setting CVar [[r.Upscale.Quality:1]]
[2021.09.20-14.00.35:475][  0]LogConfig: Setting CVar [[r.Tonemapper.GrainQuantization:0]]
[2021.09.20-14.00.35:475][  0]LogConfig: Setting CVar [[r.LightShaftQuality:0]]
[2021.09.20-14.00.35:475][  0]LogConfig: Setting CVar [[r.Filter.SizeScale:0.6]]
[2021.09.20-14.00.35:475][  0]LogConfig: Setting CVar [[r.Tonemapper.Quality:0]]
[2021.09.20-14.00.35:475][  0]LogConsoleManager: Warning: Setting the console variable 'r.Tonemapper.Quality' with 'SetByScalability' was ignored as it is lower priority than the previous 'SetByProjectSetting'. Value remains '0'
[2021.09.20-14.00.35:475][  0]LogConfig: Setting CVar [[r.DOF.Gather.AccumulatorQuality:1        ; higher gathering accumulator quality]]
[2021.09.20-14.00.35:475][  0]LogConfig: Setting CVar [[r.DOF.Gather.PostfilterMethod:1          ; Median3x3 postfilering method]]
[2021.09.20-14.00.35:475][  0]LogConfig: Setting CVar [[r.DOF.Gather.EnableBokehSettings:0       ; no bokeh simulation when gathering]]
[2021.09.20-14.00.35:475][  0]LogConfig: Setting CVar [[r.DOF.Gather.RingCount:4                 ; medium number of samples when gathering]]
[2021.09.20-14.00.35:475][  0]LogConfig: Setting CVar [[r.DOF.Scatter.ForegroundCompositing:1    ; additive foreground scattering]]
[2021.09.20-14.00.35:475][  0]LogConfig: Setting CVar [[r.DOF.Scatter.BackgroundCompositing:2    ; additive background scattering]]
[2021.09.20-14.00.35:475][  0]LogConfig: Setting CVar [[r.DOF.Scatter.EnableBokehSettings:1      ; bokeh simulation when scattering]]
[2021.09.20-14.00.35:475][  0]LogConfig: Setting CVar [[r.DOF.Scatter.MaxSpriteRatio:0.1         ; only a maximum of 10% of scattered bokeh]]
[2021.09.20-14.00.35:475][  0]LogConfig: Setting CVar [[r.DOF.Recombine.Quality:1                ; cheap slight out of focus]]
[2021.09.20-14.00.35:475][  0]LogConfig: Setting CVar [[r.DOF.Recombine.EnableBokehSettings:0    ; no bokeh simulation on slight out of focus]]
[2021.09.20-14.00.35:475][  0]LogConfig: Setting CVar [[r.DOF.TemporalAAQuality:1                ; more stable temporal accumulation]]
[2021.09.20-14.00.35:475][  0]LogConfig: Setting CVar [[r.DOF.Kernel.MaxForegroundRadius:0.025]]
[2021.09.20-14.00.35:475][  0]LogConfig: Setting CVar [[r.DOF.Kernel.MaxBackgroundRadius:0.025]]
[2021.09.20-14.00.35:475][  0]LogConfig: Applying CVar settings from Section [TextureQuality@3] File [H:/Unreal Projects/PavlovArtilleryPack/Saved/Config/Windows/Scalability.ini]
[2021.09.20-14.00.35:475][  0]LogConfig: Setting CVar [[r.Streaming.MipBias:0]]
[2021.09.20-14.00.35:475][  0]LogConfig: Setting CVar [[r.Streaming.AmortizeCPUToGPUCopy:0]]
[2021.09.20-14.00.35:475][  0]LogConfig: Setting CVar [[r.Streaming.MaxNumTexturesToStreamPerFrame:0]]
[2021.09.20-14.00.35:475][  0]LogConfig: Setting CVar [[r.Streaming.Boost:1]]
[2021.09.20-14.00.35:475][  0]LogConfig: Setting CVar [[r.MaxAnisotropy:8]]
[2021.09.20-14.00.35:475][  0]LogConfig: Setting CVar [[r.Streaming.LimitPoolSizeToVRAM:0]]
[2021.09.20-14.00.35:475][  0]LogConfig: Setting CVar [[r.Streaming.PoolSize:2500]]
[2021.09.20-14.00.35:475][  0]LogConfig: Setting CVar [[r.Streaming.MaxEffectiveScreenSize:0]]
[2021.09.20-14.00.35:475][  0]LogConfig: Applying CVar settings from Section [EffectsQuality@3] File [H:/Unreal Projects/PavlovArtilleryPack/Saved/Config/Windows/Scalability.ini]
[2021.09.20-14.00.35:475][  0]LogConfig: Setting CVar [[r.TranslucencyLightingVolumeDim:64]]
[2021.09.20-14.00.35:475][  0]LogConfig: Setting CVar [[r.RefractionQuality:0]]
[2021.09.20-14.00.35:475][  0]LogConfig: Setting CVar [[r.SSR.Quality:0]]
[2021.09.20-14.00.35:475][  0]LogConfig: Setting CVar [[r.SceneColorFormat:3]]
[2021.09.20-14.00.35:475][  0]LogConfig: Setting CVar [[r.DetailMode:2]]
[2021.09.20-14.00.35:475][  0]LogConfig: Setting CVar [[r.TranslucencyVolumeBlur:0]]
[2021.09.20-14.00.35:475][  0]LogConfig: Setting CVar [[r.MaterialQualityLevel:1]]
[2021.09.20-14.00.35:475][  0]LogConfig: Setting CVar [[r.SSS.Scale:0]]
[2021.09.20-14.00.35:475][  0]LogConfig: Setting CVar [[r.SSS.SampleSet:0]]
[2021.09.20-14.00.35:475][  0]LogConfig: Setting CVar [[r.SSS.Quality:0]]
[2021.09.20-14.00.35:475][  0]LogConfig: Setting CVar [[r.SSS.HalfRes:1]]
[2021.09.20-14.00.35:475][  0]LogConfig: Setting CVar [[r.EmitterSpawnRateScale:0.125]]
[2021.09.20-14.00.35:475][  0]LogConfig: Setting CVar [[r.ParticleLightQuality:1]]
[2021.09.20-14.00.35:475][  0]LogConfig: Applying CVar settings from Section [FoliageQuality@3] File [H:/Unreal Projects/PavlovArtilleryPack/Saved/Config/Windows/Scalability.ini]
[2021.09.20-14.00.35:475][  0]LogConfig: Setting CVar [[foliage.DensityScale:1.0]]
[2021.09.20-14.00.35:475][  0]LogConfig: Setting CVar [[grass.DensityScale:1.0]]
[2021.09.20-14.00.35:475][  0]LogConfig: Setting CVar [[r.ParticleLightQuality:2]]
[2021.09.20-14.00.35:475][  0]LogInit: Selected Device Profile: [Windows]
[2021.09.20-14.00.35:475][  0]LogInit: Applying CVar settings loaded from the selected device profile: [Windows]
[2021.09.20-14.00.35:480][  0]LogHAL: Display: Platform has ~ 32 GB [34289872896 / 34359738368 / 32], which maps to Largest [LargestMinGB=32, LargerMinGB=12, DefaultMinGB=8, SmallerMinGB=6, SmallestMinGB=0)
[2021.09.20-14.00.35:480][  0]LogConfig: Setting CVar [[r.Vulkan.UseRealUBs:1]]
[2021.09.20-14.00.35:480][  0]LogInit: Going up to parent DeviceProfile []
[2021.09.20-14.00.35:480][  0]LogConfig: Applying CVar settings from Section [ViewDistanceQuality@Cine] File [H:/Unreal Projects/PavlovArtilleryPack/Saved/Config/Windows/Scalability.ini]
[2021.09.20-14.00.35:480][  0]LogConfig: Setting CVar [[r.SkeletalMeshLODBias:0]]
[2021.09.20-14.00.35:480][  0]LogConfig: Setting CVar [[r.ViewDistanceScale:10.0]]
[2021.09.20-14.00.35:480][  0]LogConfig: Applying CVar settings from Section [AntiAliasingQuality@Cine] File [H:/Unreal Projects/PavlovArtilleryPack/Saved/Config/Windows/Scalability.ini]
[2021.09.20-14.00.35:480][  0]LogConfig: Setting CVar [[r.PostProcessAAQuality:6]]
[2021.09.20-14.00.35:480][  0]LogConfig: Applying CVar settings from Section [ShadowQuality@Cine] File [H:/Unreal Projects/PavlovArtilleryPack/Saved/Config/Windows/Scalability.ini]
[2021.09.20-14.00.35:480][  0]LogConfig: Setting CVar [[r.LightFunctionQuality:1]]
[2021.09.20-14.00.35:480][  0]LogConfig: Setting CVar [[r.ShadowQuality:5]]
[2021.09.20-14.00.35:480][  0]LogConfig: Setting CVar [[r.Shadow.CSM.MaxCascades:10]]
[2021.09.20-14.00.35:480][  0]LogConfig: Setting CVar [[r.Shadow.MaxResolution:4096]]
[2021.09.20-14.00.35:480][  0]LogConfig: Setting CVar [[r.Shadow.MaxCSMResolution:4096]]
[2021.09.20-14.00.35:480][  0]LogConfig: Setting CVar [[r.Shadow.RadiusThreshold:0]]
[2021.09.20-14.00.35:480][  0]LogConfig: Setting CVar [[r.Shadow.DistanceScale:1.0]]
[2021.09.20-14.00.35:480][  0]LogConfig: Setting CVar [[r.Shadow.CSM.TransitionScale:1.0]]
[2021.09.20-14.00.35:480][  0]LogConfig: Setting CVar [[r.Shadow.PreShadowResolutionFactor:1.0]]
[2021.09.20-14.00.35:480][  0]LogConfig: Setting CVar [[r.DistanceFieldShadowing:1]]
[2021.09.20-14.00.35:480][  0]LogConfig: Setting CVar [[r.DistanceFieldAO:1]]
[2021.09.20-14.00.35:480][  0]LogConfig: Setting CVar [[r.AOQuality:2]]
[2021.09.20-14.00.35:480][  0]LogConfig: Setting CVar [[r.VolumetricFog:1]]
[2021.09.20-14.00.35:480][  0]LogConfig: Setting CVar [[r.VolumetricFog.GridPixelSize:4]]
[2021.09.20-14.00.35:480][  0]LogConfig: Setting CVar [[r.VolumetricFog.GridSizeZ:128]]
[2021.09.20-14.00.35:480][  0]LogConfig: Setting CVar [[r.VolumetricFog.HistoryMissSupersampleCount:16]]
[2021.09.20-14.00.35:480][  0]LogConfig: Setting CVar [[r.LightMaxDrawDistanceScale:1]]
[2021.09.20-14.00.35:480][  0]LogConfig: Setting CVar [[r.CapsuleShadows:1]]
[2021.09.20-14.00.35:480][  0]LogConfig: Applying CVar settings from Section [PostProcessQuality@Cine] File [H:/Unreal Projects/PavlovArtilleryPack/Saved/Config/Windows/Scalability.ini]
[2021.09.20-14.00.35:480][  0]LogConfig: Setting CVar [[r.MotionBlurQuality:4]]
[2021.09.20-14.00.35:480][  0]LogConfig: Setting CVar [[r.AmbientOcclusionMipLevelFactor:0.4]]
[2021.09.20-14.00.35:480][  0]LogConfig: Setting CVar [[r.AmbientOcclusionMaxQuality:100]]
[2021.09.20-14.00.35:480][  0]LogConfig: Setting CVar [[r.AmbientOcclusionLevels:-1]]
[2021.09.20-14.00.35:480][  0]LogConfig: Setting CVar [[r.AmbientOcclusionRadiusScale:1.0]]
[2021.09.20-14.00.35:480][  0]LogConfig: Setting CVar [[r.DepthOfFieldQuality:4]]
[2021.09.20-14.00.35:480][  0]LogConfig: Setting CVar [[r.RenderTargetPoolMin:1000]]
[2021.09.20-14.00.35:480][  0]LogConfig: Setting CVar [[r.LensFlareQuality:3]]
[2021.09.20-14.00.35:480][  0]LogConfig: Setting CVar [[r.SceneColorFringeQuality:1]]
[2021.09.20-14.00.35:480][  0]LogConfig: Setting CVar [[r.EyeAdaptationQuality:2]]
[2021.09.20-14.00.35:480][  0]LogConfig: Setting CVar [[r.BloomQuality:5]]
[2021.09.20-14.00.35:480][  0]LogConfig: Setting CVar [[r.FastBlurThreshold:100]]
[2021.09.20-14.00.35:480][  0]LogConfig: Setting CVar [[r.Upscale.Quality:3]]
[2021.09.20-14.00.35:480][  0]LogConfig: Setting CVar [[r.Tonemapper.GrainQuantization:1]]
[2021.09.20-14.00.35:480][  0]LogConfig: Setting CVar [[r.LightShaftQuality:1]]
[2021.09.20-14.00.35:480][  0]LogConfig: Setting CVar [[r.Filter.SizeScale:1]]
[2021.09.20-14.00.35:480][  0]LogConfig: Setting CVar [[r.Tonemapper.Quality:5]]
[2021.09.20-14.00.35:480][  0]LogConsoleManager: Warning: Setting the console variable 'r.Tonemapper.Quality' with 'SetByScalability' was ignored as it is lower priority than the previous 'SetByProjectSetting'. Value remains '0'
[2021.09.20-14.00.35:480][  0]LogConfig: Setting CVar [[r.DOF.Gather.AccumulatorQuality:1        ; higher gathering accumulator quality]]
[2021.09.20-14.00.35:480][  0]LogConfig: Setting CVar [[r.DOF.Gather.PostfilterMethod:1          ; Median3x3 postfilering method]]
[2021.09.20-14.00.35:480][  0]LogConfig: Setting CVar [[r.DOF.Gather.EnableBokehSettings:1       ; bokeh simulation when gathering]]
[2021.09.20-14.00.35:480][  0]LogConfig: Setting CVar [[r.DOF.Gather.RingCount:5                 ; high number of samples when gathering]]
[2021.09.20-14.00.35:480][  0]LogConfig: Setting CVar [[r.DOF.Scatter.ForegroundCompositing:1    ; additive foreground scattering]]
[2021.09.20-14.00.35:480][  0]LogConfig: Setting CVar [[r.DOF.Scatter.BackgroundCompositing:2    ; background scattering occlusion]]
[2021.09.20-14.00.35:480][  0]LogConfig: Setting CVar [[r.DOF.Scatter.EnableBokehSettings:1      ; no bokeh simulation when scattering]]
[2021.09.20-14.00.35:480][  0]LogConfig: Setting CVar [[r.DOF.Scatter.MaxSpriteRatio:0.1         ; only a maximum of 10% of scattered bokeh]]
[2021.09.20-14.00.35:480][  0]LogConfig: Setting CVar [[r.DOF.Recombine.Quality:2                ; highest slight out of focus]]
[2021.09.20-14.00.35:480][  0]LogConfig: Setting CVar [[r.DOF.Recombine.EnableBokehSettings:1    ; bokeh simulation on slight out of focus]]
[2021.09.20-14.00.35:480][  0]LogConfig: Setting CVar [[r.DOF.TemporalAAQuality:1                ; more stable temporal accumulation]]
[2021.09.20-14.00.35:480][  0]LogConfig: Setting CVar [[r.DOF.Kernel.MaxForegroundRadius:0.025]]
[2021.09.20-14.00.35:480][  0]LogConfig: Setting CVar [[r.DOF.Kernel.MaxBackgroundRadius:0.025]]
[2021.09.20-14.00.35:480][  0]LogConfig: Applying CVar settings from Section [TextureQuality@Cine] File [H:/Unreal Projects/PavlovArtilleryPack/Saved/Config/Windows/Scalability.ini]
[2021.09.20-14.00.35:480][  0]LogConfig: Setting CVar [[r.Streaming.MipBias:0]]
[2021.09.20-14.00.35:480][  0]LogConfig: Setting CVar [[r.Streaming.AmortizeCPUToGPUCopy:0]]
[2021.09.20-14.00.35:481][  0]LogConfig: Setting CVar [[r.Streaming.MaxNumTexturesToStreamPerFrame:0]]
[2021.09.20-14.00.35:481][  0]LogConfig: Setting CVar [[r.Streaming.Boost:1]]
[2021.09.20-14.00.35:481][  0]LogConfig: Setting CVar [[r.MaxAnisotropy:8]]
[2021.09.20-14.00.35:481][  0]LogConfig: Setting CVar [[r.Streaming.LimitPoolSizeToVRAM:0]]
[2021.09.20-14.00.35:481][  0]LogConfig: Setting CVar [[r.Streaming.PoolSize:3000]]
[2021.09.20-14.00.35:481][  0]LogConfig: Setting CVar [[r.Streaming.MaxEffectiveScreenSize:0]]
[2021.09.20-14.00.35:481][  0]LogConfig: Applying CVar settings from Section [EffectsQuality@Cine] File [H:/Unreal Projects/PavlovArtilleryPack/Saved/Config/Windows/Scalability.ini]
[2021.09.20-14.00.35:481][  0]LogConfig: Setting CVar [[r.TranslucencyLightingVolumeDim:64]]
[2021.09.20-14.00.35:481][  0]LogConfig: Setting CVar [[r.RefractionQuality:2]]
[2021.09.20-14.00.35:481][  0]LogConfig: Setting CVar [[r.SSR.Quality:4]]
[2021.09.20-14.00.35:481][  0]LogConfig: Setting CVar [[r.SceneColorFormat:4]]
[2021.09.20-14.00.35:481][  0]LogConfig: Setting CVar [[r.DetailMode:2]]
[2021.09.20-14.00.35:481][  0]LogConfig: Setting CVar [[r.TranslucencyVolumeBlur:1]]
[2021.09.20-14.00.35:481][  0]LogConfig: Setting CVar [[r.MaterialQualityLevel:1 ; High quality]]
[2021.09.20-14.00.35:481][  0]LogConfig: Setting CVar [[r.SSS.Scale:1]]
[2021.09.20-14.00.35:481][  0]LogConfig: Setting CVar [[r.SSS.SampleSet:2]]
[2021.09.20-14.00.35:481][  0]LogConfig: Setting CVar [[r.SSS.Quality:1]]
[2021.09.20-14.00.35:481][  0]LogConfig: Setting CVar [[r.SSS.HalfRes:0]]
[2021.09.20-14.00.35:481][  0]LogConfig: Setting CVar [[r.EmitterSpawnRateScale:1.0]]
[2021.09.20-14.00.35:481][  0]LogConfig: Setting CVar [[r.ParticleLightQuality:2]]
[2021.09.20-14.00.35:481][  0]LogConfig: Applying CVar settings from Section [FoliageQuality@Cine] File [H:/Unreal Projects/PavlovArtilleryPack/Saved/Config/Windows/Scalability.ini]
[2021.09.20-14.00.35:481][  0]LogConfig: Setting CVar [[foliage.DensityScale:1.0]]
[2021.09.20-14.00.35:481][  0]LogConfig: Setting CVar [[grass.DensityScale:1.0]]
[2021.09.20-14.00.35:481][  0]LogConfig: Applying CVar settings from Section [Startup] File [../../../Engine/Config/ConsoleVariables.ini]
[2021.09.20-14.00.35:481][  0]LogConfig: Setting CVar [[net.UseAdaptiveNetUpdateFrequency:0]]
[2021.09.20-14.00.35:481][  0]LogConfig: Applying CVar settings from Section [ConsoleVariables] File [H:/Unreal Projects/PavlovArtilleryPack/Saved/Config/Windows/Engine.ini]
[2021.09.20-14.00.35:481][  0]LogInit: Computer: DESKTOP-O0GCJOT
[2021.09.20-14.00.35:481][  0]LogInit: User: cedri
[2021.09.20-14.00.35:481][  0]LogInit: CPU Page size=4096, Cores=8
[2021.09.20-14.00.35:481][  0]LogInit: High frequency timer resolution =10.000000 MHz
[2021.09.20-14.00.35:481][  0]LogMemory: Memory total: Physical=31.9GB (32GB approx)
[2021.09.20-14.00.35:481][  0]LogMemory: Platform Memory Stats for Windows
[2021.09.20-14.00.35:481][  0]LogMemory: Process Physical Memory: 109.04 MB used, 109.04 MB peak
[2021.09.20-14.00.35:481][  0]LogMemory: Process Virtual Memory: 99.00 MB used, 99.00 MB peak
[2021.09.20-14.00.35:481][  0]LogMemory: Physical Memory: 5280.42 MB used,  27420.95 MB free, 32701.37 MB total
[2021.09.20-14.00.35:481][  0]LogMemory: Virtual Memory: 4693.56 MB used,  134213032.00 MB free, 134217728.00 MB total
[2021.09.20-14.00.35:506][  0]LogInit: Using OS detected language (fr-FR).
[2021.09.20-14.00.35:506][  0]LogInit: Using OS detected locale (fr-CH).
[2021.09.20-14.00.35:507][  0]LogTextLocalizationManager: No specific localization for 'fr-FR' exists, so the 'fr' localization will be used.
[2021.09.20-14.00.35:508][  0]LogStreaming: Display: Took  0.001s to InitEngineTextLocalization.
[2021.09.20-14.00.35:508][  0]LogInit: Setting process to per monitor DPI aware
[2021.09.20-14.00.35:532][  0]LogSlate: New Slate User Created.  User Index 0, Is Virtual User: 0
[2021.09.20-14.00.35:532][  0]LogSlate: Slate User Registered.  User Index 0, Is Virtual User: 0
[2021.09.20-14.00.40:987][  0]LogHMD: Failed to initialize OpenVR with code 108
[2021.09.20-14.00.40:987][  0]LogD3D11RHI: D3D11 adapters:
[2021.09.20-14.00.41:075][  0]LogD3D11RHI:    0. 'NVIDIA GeForce RTX 3080' (Feature Level 11_0)
[2021.09.20-14.00.41:075][  0]LogD3D11RHI:       10077/0/16350 MB DedicatedVideo/DedicatedSystem/SharedSystem, Outputs:1, VendorId:0x10de
[2021.09.20-14.00.41:077][  0]LogD3D11RHI:    1. 'Microsoft Basic Render Driver' (Feature Level 11_0)
[2021.09.20-14.00.41:077][  0]LogD3D11RHI:       0/0/16350 MB DedicatedVideo/DedicatedSystem/SharedSystem, Outputs:0, VendorId:0x1414
[2021.09.20-14.00.41:077][  0]LogD3D11RHI: Chosen D3D11 Adapter: 0
[2021.09.20-14.00.41:081][  0]LogD3D11RHI: Creating new Direct3DDevice
[2021.09.20-14.00.41:081][  0]LogD3D11RHI:     GPU DeviceId: 0x2206 (for the marketing name, search the web for "GPU Device Id")
[2021.09.20-14.00.41:081][  0]LogWindows: EnumDisplayDevices:
[2021.09.20-14.00.41:081][  0]LogWindows:    0. 'NVIDIA GeForce RTX 3080' (P:1 D:1)
[2021.09.20-14.00.41:081][  0]LogWindows:    1. 'NVIDIA GeForce RTX 3080' (P:0 D:0)
[2021.09.20-14.00.41:081][  0]LogWindows:    2. 'NVIDIA GeForce RTX 3080' (P:0 D:0)
[2021.09.20-14.00.41:082][  0]LogWindows:    3. 'NVIDIA GeForce RTX 3080' (P:0 D:0)
[2021.09.20-14.00.41:082][  0]LogWindows: DebugString: FoundDriverCount:4 
[2021.09.20-14.00.41:082][  0]LogD3D11RHI:     Adapter Name: NVIDIA GeForce RTX 3080
[2021.09.20-14.00.41:082][  0]LogD3D11RHI:   Driver Version: 471.96 (internal:30.0.14.7196, unified:471.96)
[2021.09.20-14.00.41:082][  0]LogD3D11RHI:      Driver Date: 8-27-2021
[2021.09.20-14.00.41:082][  0]LogRHI: Texture pool is 7053 MB (70% of 10077 MB)
[2021.09.20-14.00.41:145][  0]LogD3D11RHI: Async texture creation enabled
[2021.09.20-14.00.41:157][  0]LogD3D11RHI: GPU Timing Frequency: 1000.000000 (Debug: 2 1)
[2021.09.20-14.00.41:344][  0]LogTemp: Display: Loaded TP AllDesktopTargetPlatform
[2021.09.20-14.00.41:354][  0]LogTemp: Display: Loaded TP MacClientTargetPlatform
[2021.09.20-14.00.41:364][  0]LogTemp: Display: Loaded TP MacNoEditorTargetPlatform
[2021.09.20-14.00.41:374][  0]LogTemp: Display: Loaded TP MacServerTargetPlatform
[2021.09.20-14.00.41:385][  0]LogTemp: Display: Loaded TP MacTargetPlatform
[2021.09.20-14.00.41:395][  0]LogTemp: Display: Loaded TP WindowsClientTargetPlatform
[2021.09.20-14.00.41:405][  0]LogTemp: Display: Loaded TP WindowsNoEditorTargetPlatform
[2021.09.20-14.00.41:415][  0]LogTemp: Display: Loaded TP WindowsServerTargetPlatform
[2021.09.20-14.00.41:420][  0]LogTemp: Display: Loaded TP WindowsTargetPlatform
[2021.09.20-14.00.41:475][  0]LogTemp: Display: Loaded TP AndroidTargetPlatform
[2021.09.20-14.00.41:475][  0]LogTemp: Display: Loaded TP AndroidTargetPlatform
[2021.09.20-14.00.41:475][  0]LogTemp: Display: Loaded TP AndroidTargetPlatform
[2021.09.20-14.00.41:475][  0]LogTemp: Display: Loaded TP AndroidTargetPlatform
[2021.09.20-14.00.41:475][  0]LogTemp: Display: Loaded TP AndroidTargetPlatform
[2021.09.20-14.00.41:475][  0]LogTemp: Display: Loaded TP AndroidTargetPlatform
[2021.09.20-14.00.41:475][  0]LogTemp: Display: Loaded TP AndroidTargetPlatform
[2021.09.20-14.00.41:475][  0]LogTemp: Display: Loaded TP AndroidTargetPlatform
[2021.09.20-14.00.41:475][  0]LogTemp: Display: Loaded TP AndroidTargetPlatform
[2021.09.20-14.00.41:475][  0]LogTemp: Display: Loaded TP AndroidTargetPlatform
[2021.09.20-14.00.41:475][  0]LogTemp: Display: Loaded TP AndroidTargetPlatform
[2021.09.20-14.00.41:475][  0]LogTemp: Display: Loaded TP AndroidTargetPlatform
[2021.09.20-14.00.41:475][  0]LogTemp: Display: Loaded TP AndroidTargetPlatform
[2021.09.20-14.00.41:475][  0]LogTemp: Display: Loaded TP AndroidTargetPlatform
[2021.09.20-14.00.41:475][  0]LogTemp: Display: Loaded TP AndroidTargetPlatform
[2021.09.20-14.00.41:475][  0]LogTemp: Display: Loaded TP AndroidTargetPlatform
[2021.09.20-14.00.41:475][  0]LogTemp: Display: Loaded TP AndroidTargetPlatform
[2021.09.20-14.00.41:475][  0]LogTemp: Display: Loaded TP AndroidTargetPlatform
[2021.09.20-14.00.41:477][  0]LogTemp: Display: Loaded TP HTML5TargetPlatform
[2021.09.20-14.00.41:530][  0]LogTemp: Display: Loaded TP IOSTargetPlatform
[2021.09.20-14.00.41:530][  0]LogTemp: Display: Loaded TP IOSTargetPlatform
[2021.09.20-14.00.41:547][  0]LogTemp: Display: Loaded TP TVOSTargetPlatform
[2021.09.20-14.00.41:547][  0]LogTemp: Display: Loaded TP TVOSTargetPlatform
[2021.09.20-14.00.41:556][  0]LogTemp: Display: Loaded TP LinuxClientTargetPlatform
[2021.09.20-14.00.41:565][  0]LogTemp: Display: Loaded TP LinuxNoEditorTargetPlatform
[2021.09.20-14.00.41:574][  0]LogTemp: Display: Loaded TP LinuxServerTargetPlatform
[2021.09.20-14.00.41:584][  0]LogTemp: Display: Loaded TP LinuxTargetPlatform
[2021.09.20-14.00.41:616][  0]LogTemp: Display: Loaded TP LuminTargetPlatform
[2021.09.20-14.00.41:616][  0]LogTemp: Display: Loaded TP LuminTargetPlatform
[2021.09.20-14.00.41:616][  0]LogTargetPlatformManager: Display: Building Assets For Windows
[2021.09.20-14.00.41:653][  0]LogShaderCompilers: Guid format shader working directory is 7 characters bigger than the processId version (H:/Unreal Projects/PavlovArtilleryPack/Intermediate/Shaders/WorkingDirectory/16728/).
[2021.09.20-14.00.41:653][  0]LogShaderCompilers: Cleaned the shader compiler working directory 'C:/Users/cedri/AppData/Local/Temp/UnrealShaderWorkingDir/1312A5F8472A27F6CBE6F09E7F54ACA8/'.
[2021.09.20-14.00.41:655][  0]LogXGEController: Cleaning working directory: C:/Users/cedri/AppData/Local/Temp/UnrealXGEWorkingDir/
[2021.09.20-14.00.41:655][  0]LogXGEController: Cannot use XGE Controller as Incredibuild is not installed on this machine.
[2021.09.20-14.00.41:655][  0]LogShaderCompilers: Cannot use XGE Shader Compiler as Incredibuild is not installed on this machine.
[2021.09.20-14.00.41:655][  0]LogShaderCompilers: Display: Using Local Shader Compiler.
[2021.09.20-14.00.42:033][  0]LogDerivedDataCache: Display: Max Cache Size: 512 MB
[2021.09.20-14.00.42:078][  0]LogDerivedDataCache: Loaded boot cache 0.05s 88MB C:/Users/cedri/AppData/Local/UnrealEngine/4.21/DerivedDataCache/Boot.ddc.
[2021.09.20-14.00.42:078][  0]LogDerivedDataCache: Display: Loaded Boot cache: C:/Users/cedri/AppData/Local/UnrealEngine/4.21/DerivedDataCache/Boot.ddc
[2021.09.20-14.00.42:078][  0]LogDerivedDataCache: FDerivedDataBackendGraph:  Pak pak cache file H:/Unreal Projects/PavlovArtilleryPack/DerivedDataCache/DDC.ddp not found, will not use a pak cache.
[2021.09.20-14.00.42:078][  0]LogDerivedDataCache: Unable to find inner node Pak for hierarchical cache Hierarchy.
[2021.09.20-14.00.42:078][  0]LogDerivedDataCache: FDerivedDataBackendGraph:  CompressedPak pak cache file H:/Unreal Projects/PavlovArtilleryPack/DerivedDataCache/Compressed.ddp not found, will not use a pak cache.
[2021.09.20-14.00.42:078][  0]LogDerivedDataCache: Unable to find inner node CompressedPak for hierarchical cache Hierarchy.
[2021.09.20-14.00.42:089][  0]LogDerivedDataCache: Display: Pak cache opened for reading ../../../Engine/DerivedDataCache/Compressed.ddp.
[2021.09.20-14.00.42:092][  0]LogDerivedDataCache: Display: Pak cache opened for reading ../../../Enterprise/DerivedDataCache/Compressed.ddp.
[2021.09.20-14.00.42:105][  0]LogDerivedDataCache: Using Local data cache path C:/Users/cedri/AppData/Local/UnrealEngine/Common/DerivedDataCache: Writable
[2021.09.20-14.00.42:105][  0]LogDerivedDataCache: Shared data cache path not found in *engine.ini, will not use an Shared cache.
[2021.09.20-14.00.42:105][  0]LogDerivedDataCache: Unable to find inner node Shared for hierarchical cache Hierarchy.
[2021.09.20-14.00.42:120][  0]LogMaterial: Verifying Global Shaders for PCD3D_SM5
[2021.09.20-14.00.42:121][  0]LogSlate: Using FreeType 2.6.0
[2021.09.20-14.00.42:121][  0]LogSlate: SlateFontServices - WITH_FREETYPE: 1, WITH_HARFBUZZ: 1
[2021.09.20-14.00.42:185][  0]LogAssetRegistry: FAssetRegistry took 0.0305 seconds to start up
[2021.09.20-14.00.42:400][  0]LogInit: Selected Device Profile: [Windows]
[2021.09.20-14.00.42:503][  0]LogSimplygon: Simplygon DLL not present - disabling.
[2021.09.20-14.00.42:506][  0]LogMeshReduction: Using SimplygonSwarm for distributed automatic mesh merging
[2021.09.20-14.00.42:506][  0]LogMeshReduction: Using ProxyLODMeshReduction for automatic mesh merging
[2021.09.20-14.00.42:506][  0]LogMeshReduction: Using QuadricMeshReduction for automatic static mesh reduction
[2021.09.20-14.00.42:506][  0]LogMeshReduction: No automatic skeletal mesh reduction module available
[2021.09.20-14.00.42:515][  0]LogNetVersion: Pavlov 1.0.0, NetCL: 4541578, EngineNetVer: 5, GameNetVer: 0 (Checksum: 1000105296)
[2021.09.20-14.00.42:832][  0]LogPackageLocalizationCache: Processed 14 localized package path(s) for 2 prioritized culture(s) in 0.033808 seconds
[2021.09.20-14.00.42:835][  0]LogUObjectArray: 39775 objects as part of root set at end of initial load.
[2021.09.20-14.00.42:835][  0]LogUObjectAllocator: 6914664 out of 0 bytes used by permanent object pool.
[2021.09.20-14.00.42:835][  0]LogUObjectArray: CloseDisregardForGC: 0/0 objects in disregard for GC pool
[2021.09.20-14.00.43:288][  0]LogMaterial: Display: Missing cached shader map for material BaseColor, compiling. 
[2021.09.20-14.00.43:289][  0]LogMaterial: Warning: C:\Program Files\Epic Games\UE_4.21\Engine\Content\BufferVisualization\BaseColor.uasset: Failed to compile Material for platform PCD3D_SM5, Default Material will be used in game.
[2021.09.20-14.00.43:289][  0]LogMaterial: 	(Node SceneTexture) GBuffer scene textures not available with forward shading.
[2021.09.20-14.00.43:314][  0]LogMaterial: Display: Missing cached shader map for material LightingModel, compiling. 
[2021.09.20-14.00.43:314][  0]LogMaterial: Warning: C:\Program Files\Epic Games\UE_4.21\Engine\Content\BufferVisualization\LightingModel.uasset: Failed to compile Material for platform PCD3D_SM5, Default Material will be used in game.
[2021.09.20-14.00.43:314][  0]LogMaterial: 	(Node SceneTexture) GBuffer scene textures not available with forward shading.
[2021.09.20-14.00.43:317][  0]LogMaterial: Display: Missing cached shader map for material MaterialAO, compiling. 
[2021.09.20-14.00.43:317][  0]LogMaterial: Warning: C:\Program Files\Epic Games\UE_4.21\Engine\Content\BufferVisualization\MaterialAO.uasset: Failed to compile Material for platform PCD3D_SM5, Default Material will be used in game.
[2021.09.20-14.00.43:317][  0]LogMaterial: 	(Node SceneTexture) GBuffer scene textures not available with forward shading.
[2021.09.20-14.00.43:320][  0]LogMaterial: Display: Missing cached shader map for material Metallic, compiling. 
[2021.09.20-14.00.43:320][  0]LogMaterial: Warning: C:\Program Files\Epic Games\UE_4.21\Engine\Content\BufferVisualization\Metallic.uasset: Failed to compile Material for platform PCD3D_SM5, Default Material will be used in game.
[2021.09.20-14.00.43:320][  0]LogMaterial: 	(Node SceneTexture) GBuffer scene textures not available with forward shading.
[2021.09.20-14.00.43:322][  0]LogMaterial: Display: Missing cached shader map for material Opacity, compiling. 
[2021.09.20-14.00.43:323][  0]LogMaterial: Warning: C:\Program Files\Epic Games\UE_4.21\Engine\Content\BufferVisualization\Opacity.uasset: Failed to compile Material for platform PCD3D_SM5, Default Material will be used in game.
[2021.09.20-14.00.43:323][  0]LogMaterial: 	(Node SceneTexture) GBuffer scene textures not available with forward shading.
[2021.09.20-14.00.43:325][  0]LogMaterial: Display: Missing cached shader map for material Roughness, compiling. 
[2021.09.20-14.00.43:326][  0]LogMaterial: Warning: C:\Program Files\Epic Games\UE_4.21\Engine\Content\BufferVisualization\Roughness.uasset: Failed to compile Material for platform PCD3D_SM5, Default Material will be used in game.
[2021.09.20-14.00.43:326][  0]LogMaterial: 	(Node SceneTexture) GBuffer scene textures not available with forward shading.
[2021.09.20-14.00.43:345][  0]LogMaterial: Display: Missing cached shader map for material Specular, compiling. 
[2021.09.20-14.00.43:345][  0]LogMaterial: Warning: C:\Program Files\Epic Games\UE_4.21\Engine\Content\BufferVisualization\Specular.uasset: Failed to compile Material for platform PCD3D_SM5, Default Material will be used in game.
[2021.09.20-14.00.43:345][  0]LogMaterial: 	(Node SceneTexture) GBuffer scene textures not available with forward shading.
[2021.09.20-14.00.43:347][  0]LogMaterial: Display: Missing cached shader map for material SubsurfaceColor, compiling. 
[2021.09.20-14.00.43:348][  0]LogMaterial: Warning: C:\Program Files\Epic Games\UE_4.21\Engine\Content\BufferVisualization\SubsurfaceColor.uasset: Failed to compile Material for platform PCD3D_SM5, Default Material will be used in game.
[2021.09.20-14.00.43:348][  0]LogMaterial: 	(Node SceneTexture) GBuffer scene textures not available with forward shading.
[2021.09.20-14.00.43:350][  0]LogMaterial: Display: Missing cached shader map for material WorldNormal, compiling. 
[2021.09.20-14.00.43:350][  0]LogMaterial: Warning: C:\Program Files\Epic Games\UE_4.21\Engine\Content\BufferVisualization\WorldNormal.uasset: Failed to compile Material for platform PCD3D_SM5, Default Material will be used in game.
[2021.09.20-14.00.43:350][  0]LogMaterial: 	(Node SceneTexture) GBuffer scene textures not available with forward shading.
[2021.09.20-14.00.43:390][  0]LogTcpMessaging: Initializing TcpMessaging bridge
[2021.09.20-14.00.43:402][  0]LogUdpMessaging: Initializing bridge on interface 0.0.0.0:0 to multicast group 230.0.0.1:6666.
[2021.09.20-14.00.43:851][  0]LogSteamAudio: FSteamAudioModule Startup
[2021.09.20-14.00.43:851][  0]LogSteamAudio: Attempting to load ../../../Engine/Binaries/ThirdParty/Phonon/Win64/tanrt64.dll
[2021.09.20-14.00.43:854][  0]LogSteamAudio: Loaded ../../../Engine/Binaries/ThirdParty/Phonon/Win64/tanrt64.dll.
[2021.09.20-14.00.43:854][  0]LogSteamAudio: Attempting to load ../../../Engine/Binaries/ThirdParty/Phonon/Win64/GPUUtilities.dll
[2021.09.20-14.00.43:854][  0]LogSteamAudio: Loaded ../../../Engine/Binaries/ThirdParty/Phonon/Win64/GPUUtilities.dll.
[2021.09.20-14.00.43:854][  0]LogSteamAudio: Attempting to load ../../../Engine/Binaries/ThirdParty/Phonon/Win64/phonon.dll
[2021.09.20-14.00.43:855][  0]LogSteamAudio: Loaded ../../../Engine/Binaries/ThirdParty/Phonon/Win64/phonon.dll.
[2021.09.20-14.00.43:877][  0]SourceControl: Source control is disabled
[2021.09.20-14.00.43:877][  0]SourceControl: Source control is disabled
[2021.09.20-14.00.43:878][  0]SourceControl: Source control is disabled
[2021.09.20-14.00.43:878][  0]SourceControl: Source control is disabled
[2021.09.20-14.00.44:008][  0]LogAndroidPermission: UAndroidPermissionCallbackProxy::GetInstance
[2021.09.20-14.00.44:089][  0]LogOcInput: OculusInput pre-init called
[2021.09.20-14.00.44:212][  0]LogClass: Warning: BoolProperty FPavlovGameModeProperties::bNoTeams is not initialized properly
[2021.09.20-14.00.44:212][  0]LogClass: Warning: BoolProperty FPavlovGameModeProperties::bForceNoScoring is not initialized properly
[2021.09.20-14.00.44:212][  0]LogClass: Warning: BoolProperty FPavlovGameModeProperties::bKeepPawnIfAlive is not initialized properly
[2021.09.20-14.00.44:212][  0]LogClass: Warning: BoolProperty FPavlovGameModeProperties::bDynamicSpawns is not initialized properly
[2021.09.20-14.00.44:212][  0]LogClass: Warning: BoolProperty FPavlovGameModeProperties::bSpawnGhostOnLogin is not initialized properly
[2021.09.20-14.00.44:212][  0]LogClass: Display: 5 Uninitialized script stuct members found
[2021.09.20-14.00.44:212][  0]LogAutomationTest: Warning: BoolProperty FPavlovGameModeProperties::bNoTeams is not initialized properly
[2021.09.20-14.00.44:212][  0]LogAutomationTest: Warning: BoolProperty FPavlovGameModeProperties::bForceNoScoring is not initialized properly
[2021.09.20-14.00.44:212][  0]LogAutomationTest: Warning: BoolProperty FPavlovGameModeProperties::bKeepPawnIfAlive is not initialized properly
[2021.09.20-14.00.44:212][  0]LogAutomationTest: Warning: BoolProperty FPavlovGameModeProperties::bDynamicSpawns is not initialized properly
[2021.09.20-14.00.44:212][  0]LogAutomationTest: Warning: BoolProperty FPavlovGameModeProperties::bSpawnGhostOnLogin is not initialized properly
[2021.09.20-14.00.44:214][  0]LogEngine: Initializing Engine...
[2021.09.20-14.00.44:252][  0]LogHMD: Failed to initialize OpenVR with code 108
[2021.09.20-14.00.44:253][  0]LogStats: UGameplayTagsManager::ConstructGameplayTagTree: ImportINI prefixes -  0.000 s
[2021.09.20-14.00.44:254][  0]LogStats: UGameplayTagsManager::ConstructGameplayTagTree: Construct from data asset -  0.000 s
[2021.09.20-14.00.44:254][  0]LogStats: UGameplayTagsManager::ConstructGameplayTagTree: ImportINI -  0.000 s
[2021.09.20-14.00.44:254][  0]LogStats: UGameplayTagsManager::ConstructGameplayTagTree: GameplayTagTreeChangedEvent.Broadcast -  0.000 s
[2021.09.20-14.00.44:416][  0]LogInit: Initializing FReadOnlyCVARCache
[2021.09.20-14.00.44:424][  0]LogAIModule: Creating AISystem for world Untitled
[2021.09.20-14.00.44:458][  0]LogInit: XAudio2 using 'ASUS MX34V (NVIDIA High Definition Audio)' : 2 channels at 48 kHz using 16 bits per sample (channel mask 0x3)
[2021.09.20-14.00.44:486][  0]LogInit: FAudioDevice initialized.
[2021.09.20-14.00.44:487][  0]LogNetVersion: Set ProjectVersion to 1.0.0.0. Version Checksum will be recalculated on next use.
[2021.09.20-14.00.44:531][  0]LogDerivedDataCache: Saved boot cache 0.04s 88MB C:/Users/cedri/AppData/Local/UnrealEngine/4.21/DerivedDataCache/Boot.ddc.
[2021.09.20-14.00.44:536][  0]LogInit: Texture streaming: Enabled
[2021.09.20-14.00.44:547][  0]LogEngineSessionManager: EngineSessionManager initialized
[2021.09.20-14.00.44:555][  0]LogInit: Transaction tracking system initialized
[2021.09.20-14.00.44:569][  0]BlueprintLog: New page: Editor Load
[2021.09.20-14.00.44:615][  0]LocalizationService: Localization service is disabled
[2021.09.20-14.00.44:924][  0]LogFileCache: Scanning file cache for directory 'H:/Unreal Projects/PavlovArtilleryPack/Content/' took 0.01s
[2021.09.20-14.00.44:924][  0]LogCook: Display: Max memory allowance for cook 16384mb min free memory 0mb
[2021.09.20-14.00.44:924][  0]LogCook: Display: Mobile HDR setting 0
[2021.09.20-14.00.44:924][  0]LogGameplayTags: Display: UGameplayTagsManager::DoneAddingNativeTags. DelegateIsBound: 0
[2021.09.20-14.00.44:924][  0]LogStats: UGameplayTagsManager::ConstructGameplayTagTree: ImportINI prefixes -  0.000 s
[2021.09.20-14.00.44:924][  0]LogStats: UGameplayTagsManager::ConstructGameplayTagTree: Construct from data asset -  0.000 s
[2021.09.20-14.00.44:924][  0]LogStats: UGameplayTagsManager::ConstructGameplayTagTree: ImportINI -  0.000 s
[2021.09.20-14.00.44:924][  0]LogStats: UGameplayTagsManager::ConstructGameplayTagTree: GameplayTagTreeChangedEvent.Broadcast -  0.000 s
[2021.09.20-14.00.44:973][  0]CustomMapToolsLog: Initializing Pavlov's workshop editor plugin
[2021.09.20-14.00.45:088][  0]CustomMapToolsLog: Visiting H:/Unreal Projects/PavlovArtilleryPack/Content/CustomMaps/UGC2436162648
[2021.09.20-14.00.45:088][  0]CustomMapToolsLog: Loaded UGC ID:2436162648
[2021.09.20-14.00.45:088][  0]CustomMapToolsLog: Visiting H:/Unreal Projects/PavlovArtilleryPack/Content/CustomMaps/UGC2436162648
[2021.09.20-14.00.45:121][  0]SourceControl: Source control is disabled
[2021.09.20-14.00.45:122][  0]Cmd: MAP LOAD FILE="H:/Unreal Projects/PavlovArtilleryPack/Content/CustomMaps/UGC2436162648/DemoMap.umap" TEMPLATE=0 SHOWPROGRESS=1 FEATURELEVEL=3
[2021.09.20-14.00.45:122][  0]LightingResults: New page: Lighting Build
[2021.09.20-14.00.45:124][  0]MapCheck: New page: Map Check
[2021.09.20-14.00.45:124][  0]LightingResults: New page: Lighting Build
[2021.09.20-14.00.46:357][  0]LogAIModule: Creating AISystem for world DemoMap
[2021.09.20-14.00.46:369][  0]LogEditorServer: Finished looking for orphan Actors (0.000 secs)
[2021.09.20-14.00.46:395][  0]Cmd: MAP CHECKDEP NOCLEARLOG
[2021.09.20-14.00.46:395][  0]MapCheck: Map check complete: 0 Error(s), 0 Warning(s), took 0.082ms to complete.
[2021.09.20-14.00.46:395][  0]LogFileHelpers: Loading map 'DemoMap' took 1.273
[2021.09.20-14.00.46:471][  0]LogSlate: Updating window title bar state: overlay mode, drag disabled, window buttons hidden, title bar hidden
[2021.09.20-14.00.46:476][  0]LogSlate: Updating window title bar state: overlay mode, drag disabled, window buttons hidden, title bar hidden
[2021.09.20-14.00.46:481][  0]LogSlate: Updating window title bar state: overlay mode, drag disabled, window buttons hidden, title bar hidden
[2021.09.20-14.00.46:486][  0]LogSlate: Updating window title bar state: overlay mode, drag disabled, window buttons hidden, title bar hidden
[2021.09.20-14.00.46:490][  0]LogCollectionManager: Loaded 0 collections in 0.001064 seconds
[2021.09.20-14.00.46:505][  0]LogFileCache: Scanning file cache for directory 'H:/Unreal Projects/PavlovArtilleryPack/Saved/Collections/' took 0.01s
[2021.09.20-14.00.46:505][  0]LogFileCache: Scanning file cache for directory 'H:/Unreal Projects/PavlovArtilleryPack/Content/Developers/cedri/Collections/' took 0.00s
[2021.09.20-14.00.46:505][  0]LogFileCache: Scanning file cache for directory 'H:/Unreal Projects/PavlovArtilleryPack/Content/Collections/' took 0.00s
[2021.09.20-14.00.46:505][  0]LogCollectionManager: Rebuilt the GUID cache for 0 collections in 0.000000 seconds
[2021.09.20-14.00.46:511][  0]LogContentBrowser: Native class hierarchy populated in 0.0063 seconds. Added 2712 classes and 639 folders.
[2021.09.20-14.00.46:517][  0]LogContentBrowser: Native class hierarchy updated for 'WidgetCarousel' in 0.0002 seconds. Added 0 classes and 0 folders.
[2021.09.20-14.00.46:518][  0]LogPakFile: Registered encryption key '00000000000000000000000000000000': 0 pak files mounted, 0 remain pending
[2021.09.20-14.00.46:519][  0]LogPakFile: Registered encryption key '00000000000000000000000000000000': 0 pak files mounted, 0 remain pending
[2021.09.20-14.00.46:519][  0]LogPakFile: Registered encryption key '00000000000000000000000000000000': 0 pak files mounted, 0 remain pending
[2021.09.20-14.00.46:519][  0]LogPakFile: Registered encryption key '00000000000000000000000000000000': 0 pak files mounted, 0 remain pending
[2021.09.20-14.00.46:519][  0]LogPakFile: Registered encryption key '00000000000000000000000000000000': 0 pak files mounted, 0 remain pending
[2021.09.20-14.00.46:520][  0]LogPakFile: Registered encryption key '00000000000000000000000000000000': 0 pak files mounted, 0 remain pending
[2021.09.20-14.00.46:520][  0]LogPakFile: Registered encryption key '00000000000000000000000000000000': 0 pak files mounted, 0 remain pending
[2021.09.20-14.00.46:520][  0]LogPakFile: Registered encryption key '00000000000000000000000000000000': 0 pak files mounted, 0 remain pending
[2021.09.20-14.00.46:521][  0]LogPakFile: Registered encryption key '00000000000000000000000000000000': 0 pak files mounted, 0 remain pending
[2021.09.20-14.00.46:521][  0]LogPakFile: Registered encryption key '00000000000000000000000000000000': 0 pak files mounted, 0 remain pending
[2021.09.20-14.00.46:521][  0]LogPakFile: Registered encryption key '00000000000000000000000000000000': 0 pak files mounted, 0 remain pending
[2021.09.20-14.00.46:521][  0]LogPakFile: Registered encryption key '00000000000000000000000000000000': 0 pak files mounted, 0 remain pending
[2021.09.20-14.00.46:522][  0]LogPakFile: Registered encryption key '00000000000000000000000000000000': 0 pak files mounted, 0 remain pending
[2021.09.20-14.00.46:522][  0]LogPakFile: Registered encryption key '00000000000000000000000000000000': 0 pak files mounted, 0 remain pending
[2021.09.20-14.00.46:522][  0]LogPakFile: Registered encryption key '00000000000000000000000000000000': 0 pak files mounted, 0 remain pending
[2021.09.20-14.00.46:522][  0]LogPakFile: Registered encryption key '00000000000000000000000000000000': 0 pak files mounted, 0 remain pending
[2021.09.20-14.00.46:523][  0]LogPakFile: Registered encryption key '00000000000000000000000000000000': 0 pak files mounted, 0 remain pending
[2021.09.20-14.00.46:523][  0]LogPakFile: Registered encryption key '00000000000000000000000000000000': 0 pak files mounted, 0 remain pending
[2021.09.20-14.00.46:523][  0]LogPakFile: Registered encryption key '00000000000000000000000000000000': 0 pak files mounted, 0 remain pending
[2021.09.20-14.00.46:524][  0]LogPakFile: Registered encryption key '00000000000000000000000000000000': 0 pak files mounted, 0 remain pending
[2021.09.20-14.00.46:524][  0]LogPakFile: Registered encryption key '00000000000000000000000000000000': 0 pak files mounted, 0 remain pending
[2021.09.20-14.00.46:524][  0]LogPakFile: Registered encryption key '00000000000000000000000000000000': 0 pak files mounted, 0 remain pending
[2021.09.20-14.00.46:525][  0]LogPakFile: Registered encryption key '00000000000000000000000000000000': 0 pak files mounted, 0 remain pending
[2021.09.20-14.00.46:525][  0]LogPakFile: Registered encryption key '00000000000000000000000000000000': 0 pak files mounted, 0 remain pending
[2021.09.20-14.00.46:525][  0]LogPakFile: Registered encryption key '00000000000000000000000000000000': 0 pak files mounted, 0 remain pending
[2021.09.20-14.00.46:525][  0]LogPakFile: Registered encryption key '00000000000000000000000000000000': 0 pak files mounted, 0 remain pending
[2021.09.20-14.00.46:526][  0]LogPakFile: Registered encryption key '00000000000000000000000000000000': 0 pak files mounted, 0 remain pending
[2021.09.20-14.00.46:526][  0]LogPakFile: Registered encryption key '00000000000000000000000000000000': 0 pak files mounted, 0 remain pending
[2021.09.20-14.00.46:544][  0]LogContentBrowser: Native class hierarchy updated for 'AddContentDialog' in 0.0002 seconds. Added 0 classes and 0 folders.
[2021.09.20-14.00.46:549][  0]LogContentBrowser: Native class hierarchy updated for 'SceneOutliner' in 0.0002 seconds. Added 1 classes and 2 folders.
[2021.09.20-14.00.46:599][  0]LogSlate: Took 0.000121 seconds to synchronously load lazily loaded font '../../../Engine/Content/Slate/Fonts/Roboto-Regular.ttf' (155K)
[2021.09.20-14.00.46:600][  0]LogSlate: Took 0.000093 seconds to synchronously load lazily loaded font '../../../Engine/Content/Slate/Fonts/Roboto-Bold.ttf' (160K)
[2021.09.20-14.00.46:603][  0]LogSlate: Took 0.000095 seconds to synchronously load lazily loaded font '../../../Engine/Content/Editor/Slate/Fonts/FontAwesome.ttf' (139K)
[2021.09.20-14.00.46:658][  0]LogRenderer: Reallocating scene render targets to support 2172x856 Format 10 NumSamples 4 (Frame:1).
[2021.09.20-14.00.46:751][  0]LogContentBrowser: Native class hierarchy updated for 'HierarchicalLODOutliner' in 0.0002 seconds. Added 0 classes and 0 folders.
[2021.09.20-14.00.46:751][  0]LogLoad: (Engine Initialization) Total time: 13.78 seconds
[2021.09.20-14.00.46:751][  0]LogLoad: (Engine Initialization) Total Blueprint compile time: 0.00 seconds
[2021.09.20-14.00.46:894][  0]LogContentStreaming: Texture pool size now 3000 MB
[2021.09.20-14.00.47:228][  5]LogAssetRegistry: Asset discovery search completed in 5.0656 seconds
[2021.09.20-14.00.47:230][  5]LogCollectionManager: Rebuilt the object cache for 0 collections in 0.000000 seconds (found 0 objects)
[2021.09.20-14.00.47:230][  5]LogCollectionManager: Fixed up redirectors for 0 collections in 0.000065 seconds (updated 0 objects)
[2021.09.20-14.00.52:885][681]LogSlate: FSceneViewport::OnFocusLost() reason 0
[2021.09.20-14.00.52:982][688]LogSlate: Window 'Pavlov - Unreal Editor' being destroyed
[2021.09.20-14.00.52:983][688]LogWindowsTextInputMethodSystem: Display: IME system now deactivated.
[2021.09.20-14.00.52:986][688]LogWindowsTextInputMethodSystem: Display: IME system now deactivated.
[2021.09.20-14.00.53:136][689]Cmd: QUIT_EDITOR
[2021.09.20-14.00.53:151][689]LogExit: Preparing to exit.
[2021.09.20-14.00.53:482][689]LogExit: Editor shut down
[2021.09.20-14.00.53:482][689]LogExit: Transaction tracking system shut down
[2021.09.20-14.00.53:681][689]LogExit: Object subsystem successfully closed.
[2021.09.20-14.00.53:788][689]LogShaderCompilers: Display: Shaders left to compile 0
[2021.09.20-14.00.53:790][689]LogD3D11RHI: Shutdown
[2021.09.20-14.00.53:790][689]LogD3D11RHI: CleanupD3DDevice
[2021.09.20-14.00.53:813][689]LogD3D11RHI: ~FD3D11DynamicRHI
[2021.09.20-14.00.53:828][689]LogModuleManager: Shutting down and abandoning module HierarchicalLODOutliner (638)
[2021.09.20-14.00.53:828][689]LogModuleManager: Shutting down and abandoning module SceneOutliner (636)
[2021.09.20-14.00.53:828][689]LogModuleManager: Shutting down and abandoning module AddContentDialog (634)
[2021.09.20-14.00.53:828][689]LogModuleManager: Shutting down and abandoning module WidgetCarousel (633)
[2021.09.20-14.00.53:828][689]LogModuleManager: Shutting down and abandoning module EditorWidgets (630)
[2021.09.20-14.00.53:828][689]LogModuleManager: Shutting down and abandoning module CollectionManager (628)
[2021.09.20-14.00.53:828][689]LogModuleManager: Shutting down and abandoning module StatsViewer (626)
[2021.09.20-14.00.53:828][689]LogModuleManager: Shutting down and abandoning module FoliageEdit (624)
[2021.09.20-14.00.53:828][689]LogModuleManager: Shutting down and abandoning module LandscapeEditor (622)
[2021.09.20-14.00.53:828][689]LogModuleManager: Shutting down and abandoning module MeshPaintMode (620)
[2021.09.20-14.00.53:828][689]LogModuleManager: Shutting down and abandoning module SceneDepthPickerMode (618)
[2021.09.20-14.00.53:828][689]LogModuleManager: Shutting down and abandoning module ActorPickerMode (616)
[2021.09.20-14.00.53:828][689]LogModuleManager: Shutting down and abandoning module GeometryMode (614)
[2021.09.20-14.00.53:828][689]LogModuleManager: Shutting down and abandoning module TextureAlignMode (612)
[2021.09.20-14.00.53:828][689]LogModuleManager: Shutting down and abandoning module BspMode (610)
[2021.09.20-14.00.53:828][689]LogModuleManager: Shutting down and abandoning module PIEPreviewDeviceProfileSelector (608)
[2021.09.20-14.00.53:828][689]LogModuleManager: Shutting down and abandoning module SequenceRecorderSections (606)
[2021.09.20-14.00.53:828][689]LogModuleManager: Shutting down and abandoning module AutomationWorker (604)
[2021.09.20-14.00.53:828][689]LogModuleManager: Shutting down and abandoning module CustomMapTools (602)
[2021.09.20-14.00.53:829][689]LogModuleManager: Shutting down and abandoning module SteamAudioEditor (600)
[2021.09.20-14.00.53:829][689]LogModuleManager: Shutting down and abandoning module AudioCaptureEditor (598)
[2021.09.20-14.00.53:829][689]LogModuleManager: Shutting down and abandoning module MatineeToLevelSequence (596)
[2021.09.20-14.00.53:829][689]LogModuleManager: Shutting down and abandoning module LevelSequenceEditor (594)
[2021.09.20-14.00.53:829][689]LogModuleManager: Shutting down and abandoning module PlacementMode (593)
[2021.09.20-14.00.53:829][689]LogModuleManager: Shutting down and abandoning module MaterialEditor (592)
[2021.09.20-14.00.53:829][689]LogModuleManager: Shutting down and abandoning module WmfMediaFactory (588)
[2021.09.20-14.00.53:829][689]LogModuleManager: Shutting down and abandoning module WmfMediaEditor (586)
[2021.09.20-14.00.53:829][689]LogModuleManager: Shutting down and abandoning module WebMMediaFactory (584)
[2021.09.20-14.00.53:829][689]LogModuleManager: Shutting down and abandoning module WebMMediaEditor (582)
[2021.09.20-14.00.53:829][689]LogModuleManager: Shutting down and abandoning module WebMMedia (580)
[2021.09.20-14.00.53:829][689]LogModuleManager: Shutting down and abandoning module MediaPlayerEditor (578)
[2021.09.20-14.00.53:829][689]LogModuleManager: Shutting down and abandoning module MediaCompositingEditor (576)
[2021.09.20-14.00.53:829][689]LogModuleManager: Shutting down and abandoning module SequenceRecorder (575)
[2021.09.20-14.00.53:829][689]LogModuleManager: Shutting down and abandoning module OpenExrWrapper (572)
[2021.09.20-14.00.53:829][689]LogModuleManager: Shutting down and abandoning module ImgMediaFactory (570)
[2021.09.20-14.00.53:829][689]LogModuleManager: Shutting down and abandoning module ImgMediaEditor (568)
[2021.09.20-14.00.53:829][689]LogModuleManager: Shutting down and abandoning module AvfMediaFactory (566)
[2021.09.20-14.00.53:829][689]LogModuleManager: Shutting down and abandoning module AvfMediaEditor (564)
[2021.09.20-14.00.53:829][689]LogModuleManager: Shutting down and abandoning module AndroidMediaFactory (562)
[2021.09.20-14.00.53:829][689]LogModuleManager: Shutting down and abandoning module AndroidMediaEditor (560)
[2021.09.20-14.00.53:829][689]LogModuleManager: Shutting down and abandoning module MagicLeapCameraPreviewFactory (558)
[2021.09.20-14.00.53:829][689]LogModuleManager: Shutting down and abandoning module MagicLeapMediaFactory (556)
[2021.09.20-14.00.53:829][689]LogModuleManager: Shutting down and abandoning module MagicLeapMediaEditor (554)
[2021.09.20-14.00.53:829][689]LogModuleManager: Shutting down and abandoning module CharacterAI (552)
[2021.09.20-14.00.53:829][689]LogModuleManager: Shutting down and abandoning module SmartSnapping (550)
[2021.09.20-14.00.53:829][689]LogModuleManager: Shutting down and abandoning module SessionServices (548)
[2021.09.20-14.00.53:829][689]LogModuleManager: Shutting down and abandoning module ViewportSnapping (546)
[2021.09.20-14.00.53:829][689]LogModuleManager: Shutting down and abandoning module ViewportInteraction (544)
[2021.09.20-14.00.53:829][689]LogModuleManager: Shutting down and abandoning module ClothPainter (542)
[2021.09.20-14.00.53:829][689]LogModuleManager: Shutting down and abandoning module SkeletalMeshEditor (541)
[2021.09.20-14.00.53:829][689]LogModuleManager: Shutting down and abandoning module LogVisualizer (538)
[2021.09.20-14.00.53:829][689]LogModuleManager: Shutting down and abandoning module IntroTutorials (536)
[2021.09.20-14.00.53:829][689]LogModuleManager: Shutting down and abandoning module GameProjectGeneration (535)
[2021.09.20-14.00.53:829][689]LogModuleManager: Shutting down and abandoning module LuminPlatformEditor (532)
[2021.09.20-14.00.53:829][689]LogModuleManager: Shutting down and abandoning module IOSPlatformEditor (530)
[2021.09.20-14.00.53:829][689]LogModuleManager: Shutting down and abandoning module HTML5PlatformEditor (528)
[2021.09.20-14.00.53:829][689]LogModuleManager: Shutting down and abandoning module AndroidPlatformEditor (526)
[2021.09.20-14.00.53:829][689]LogModuleManager: Shutting down and abandoning module AndroidDeviceDetection (525)
[2021.09.20-14.00.54:750][689]LogModuleManager: Shutting down and abandoning module WindowsPlatformEditor (522)
[2021.09.20-14.00.54:750][689]LogModuleManager: Shutting down and abandoning module LuminRuntimeSettings (520)
[2021.09.20-14.00.54:750][689]LogModuleManager: Shutting down and abandoning module IOSRuntimeSettings (518)
[2021.09.20-14.00.54:750][689]LogModuleManager: Shutting down and abandoning module AndroidRuntimeSettings (516)
[2021.09.20-14.00.54:750][689]LogModuleManager: Shutting down and abandoning module TimeManagementEditor (514)
[2021.09.20-14.00.54:750][689]LogModuleManager: Shutting down and abandoning module InputBindingEditor (512)
[2021.09.20-14.00.54:750][689]LogModuleManager: Shutting down and abandoning module MergeActors (510)
[2021.09.20-14.00.54:750][689]LogModuleManager: Shutting down and abandoning module LocalizationDashboard (508)
[2021.09.20-14.00.54:750][689]LogModuleManager: Shutting down and abandoning module LocalizationService (507)
[2021.09.20-14.00.54:750][689]LogModuleManager: Shutting down and abandoning module HardwareTargeting (504)
[2021.09.20-14.00.54:750][689]LogModuleManager: Shutting down and abandoning module DeviceProfileEditor (502)
[2021.09.20-14.00.54:750][689]LogModuleManager: Shutting down and abandoning module UndoHistory (500)
[2021.09.20-14.00.54:750][689]LogModuleManager: Shutting down and abandoning module XmlParser (498)
[2021.09.20-14.00.54:750][689]LogModuleManager: Shutting down and abandoning module Blutility (496)
[2021.09.20-14.00.54:750][689]LogModuleManager: Shutting down and abandoning module ProjectSettingsViewer (494)
[2021.09.20-14.00.54:750][689]LogModuleManager: Shutting down and abandoning module ProjectTargetPlatformEditor (493)
[2021.09.20-14.00.54:750][689]LogModuleManager: Shutting down and abandoning module EditorSettingsViewer (490)
[2021.09.20-14.00.54:750][689]LogModuleManager: Shutting down and abandoning module SettingsEditor (488)
[2021.09.20-14.00.54:750][689]LogModuleManager: Shutting down and abandoning module ProjectLauncher (486)
[2021.09.20-14.00.54:750][689]LogModuleManager: Shutting down and abandoning module SessionFrontend (484)
[2021.09.20-14.00.54:750][689]LogModuleManager: Shutting down and abandoning module ProfilerClient (482)
[2021.09.20-14.00.54:750][689]LogModuleManager: Shutting down and abandoning module DeviceManager (480)
[2021.09.20-14.00.54:750][689]LogModuleManager: Shutting down and abandoning module TargetDeviceServices (479)
[2021.09.20-14.00.54:793][689]LogModuleManager: Shutting down and abandoning module AutomationController (476)
[2021.09.20-14.00.54:793][689]LogModuleManager: Shutting down and abandoning module AutomationWindow (474)
[2021.09.20-14.00.54:793][689]LogModuleManager: Shutting down and abandoning module Layers (472)
[2021.09.20-14.00.54:793][689]LogModuleManager: Shutting down and abandoning module ComponentVisualizers (470)
[2021.09.20-14.00.54:793][689]LogModuleManager: Shutting down and abandoning module DetailCustomizations (468)
[2021.09.20-14.00.54:793][689]LogModuleManager: Shutting down and abandoning module PackagesDialog (466)
[2021.09.20-14.00.54:793][689]LogModuleManager: Shutting down and abandoning module Persona (464)
[2021.09.20-14.00.54:793][689]LogModuleManager: Shutting down and abandoning module AdvancedPreviewScene (463)
[2021.09.20-14.00.54:793][689]LogModuleManager: Shutting down and abandoning module AnimGraph (461)
[2021.09.20-14.00.54:793][689]LogModuleManager: Shutting down and abandoning module Kismet (458)
[2021.09.20-14.00.54:794][689]LogModuleManager: Shutting down and abandoning module GraphEditor (456)
[2021.09.20-14.00.54:794][689]LogModuleManager: Shutting down and abandoning module ClassViewer (454)
[2021.09.20-14.00.54:794][689]LogModuleManager: Shutting down and abandoning module Toolbox (452)
[2021.09.20-14.00.54:794][689]LogModuleManager: Shutting down and abandoning module ModuleUI (450)
[2021.09.20-14.00.54:794][689]LogModuleManager: Shutting down and abandoning module MovieSceneTools (448)
[2021.09.20-14.00.54:794][689]LogModuleManager: Shutting down and abandoning module OutputLog (446)
[2021.09.20-14.00.54:794][689]LogModuleManager: Shutting down and abandoning module GammaUI (444)
[2021.09.20-14.00.54:794][689]LogModuleManager: Shutting down and abandoning module Documentation (442)
[2021.09.20-14.00.54:794][689]LogModuleManager: Shutting down and abandoning module MovieSceneTracks (440)
[2021.09.20-14.00.54:794][689]LogModuleManager: Shutting down and abandoning module MovieScene (438)
[2021.09.20-14.00.54:794][689]LogModuleManager: Shutting down and abandoning module StreamingPauseRendering (436)
[2021.09.20-14.00.54:794][689]LogModuleManager: Shutting down and abandoning module LauncherPlatform (434)
[2021.09.20-14.00.54:794][689]LogModuleManager: Shutting down and abandoning module AnalyticsET (432)
[2021.09.20-14.00.54:794][689]LogModuleManager: Shutting down and abandoning module PortalServices (430)
[2021.09.20-14.00.54:794][689]LogModuleManager: Shutting down and abandoning module PortalRpc (428)
[2021.09.20-14.00.54:794][689]LogModuleManager: Shutting down and abandoning module MessagingRpc (426)
[2021.09.20-14.00.54:794][689]LogModuleManager: Shutting down and abandoning module AIModule (424)
[2021.09.20-14.00.54:794][689]LogModuleManager: Shutting down and abandoning module GameplayDebugger (423)
[2021.09.20-14.00.54:794][689]LogModuleManager: Shutting down and abandoning module AITestSuite (421)
[2021.09.20-14.00.54:794][689]LogModuleManager: Shutting down and abandoning module NavigationSystem (419)
[2021.09.20-14.00.54:794][689]LogModuleManager: Shutting down and abandoning module DesktopPlatform (416)
[2021.09.20-14.00.54:794][689]LogModuleManager: Shutting down and abandoning module ImageWriteQueue (414)
[2021.09.20-14.00.54:796][689]LogModuleManager: Shutting down and abandoning module ProfilerService (412)
[2021.09.20-14.00.54:871][689]LogModuleManager: Shutting down and abandoning module TaskGraph (410)
[2021.09.20-14.00.54:871][689]LogModuleManager: Shutting down and abandoning module JsonUtils (408)
[2021.09.20-14.00.54:871][689]LogModuleManager: Shutting down and abandoning module PavlovProxy (406)
[2021.09.20-14.00.54:871][689]LogModuleManager: Shutting down and abandoning module SteamVRController (404)
[2021.09.20-14.00.54:871][689]LogModuleManager: Shutting down and abandoning module ProceduralMeshComponentEditor (402)
[2021.09.20-14.00.54:871][689]LogModuleManager: Shutting down and abandoning module ProceduralMeshComponent (400)
[2021.09.20-14.00.54:871][689]LogModuleManager: Shutting down and abandoning module OculusInput (398)
[2021.09.20-14.00.54:871][689]LogModuleManager: Shutting down and abandoning module MobilePatchingUtils (396)
[2021.09.20-14.00.54:871][689]LogModuleManager: Shutting down and abandoning module EditableMesh (394)
[2021.09.20-14.00.54:871][689]LogModuleManager: Shutting down and abandoning module CustomMeshComponent (392)
[2021.09.20-14.00.54:871][689]LogModuleManager: Shutting down and abandoning module CableComponent (390)
[2021.09.20-14.00.54:871][689]LogModuleManager: Shutting down and abandoning module AudioCapture (388)
[2021.09.20-14.00.54:871][689]LogModuleManager: Shutting down and abandoning module ArchVisCharacter (386)
[2021.09.20-14.00.54:871][689]LogModuleManager: Shutting down and abandoning module AndroidPermission (384)
[2021.09.20-14.00.54:871][689]LogModuleManager: Shutting down and abandoning module NUTUnrealEngine4 (382)
[2021.09.20-14.00.54:871][689]LogModuleManager: Shutting down and abandoning module NetcodeUnitTest (380)
[2021.09.20-14.00.54:871][689]LogModuleManager: Shutting down and abandoning module MediaCompositing (378)
[2021.09.20-14.00.54:871][689]LogModuleManager: Shutting down and abandoning module LinearTimecode (376)
[2021.09.20-14.00.54:871][689]LogModuleManager: Shutting down and abandoning module ImgMedia (374)
[2021.09.20-14.00.54:874][689]LogModuleManager: Shutting down and abandoning module HTML5Networking (372)
[2021.09.20-14.00.54:874][689]LogModuleManager: Shutting down and abandoning module GeometryCacheTracks (370)
[2021.09.20-14.00.54:874][689]LogModuleManager: Shutting down and abandoning module GeometryCacheSequencer (368)
[2021.09.20-14.00.54:874][689]LogModuleManager: Shutting down and abandoning module BackChannel (366)
[2021.09.20-14.00.54:874][689]LogModuleManager: Shutting down and abandoning module AppleVision (364)
[2021.09.20-14.00.54:874][689]LogModuleManager: Shutting down and abandoning module AppleImageUtilsBlueprintSupport (362)
[2021.09.20-14.00.54:874][689]LogModuleManager: Shutting down and abandoning module AppleImageUtils (360)
[2021.09.20-14.00.54:874][689]LogModuleManager: Shutting down and abandoning module AlembicImporter (358)
[2021.09.20-14.00.54:874][689]LogModuleManager: Shutting down and abandoning module AlembicLibrary (357)
[2021.09.20-14.00.54:874][689]LogModuleManager: Shutting down and abandoning module GeometryCache (356)
[2021.09.20-14.00.54:874][689]LogModuleManager: Shutting down and abandoning module GeometryCacheEd (355)
[2021.09.20-14.00.54:874][689]LogModuleManager: Shutting down and abandoning module VariantManagerContent (350)
[2021.09.20-14.00.54:874][689]LogModuleManager: Shutting down and abandoning module DatasmithContentEditor (348)
[2021.09.20-14.00.54:874][689]LogModuleManager: Shutting down and abandoning module SpeedTreeImporter (346)
[2021.09.20-14.00.54:874][689]LogModuleManager: Shutting down and abandoning module PluginBrowser (344)
[2021.09.20-14.00.54:874][689]LogModuleManager: Shutting down and abandoning module MobileLauncherProfileWizard (342)
[2021.09.20-14.00.54:874][689]LogModuleManager: Shutting down and abandoning module PolygonModeling (340)
[2021.09.20-14.00.54:874][689]LogModuleManager: Shutting down and abandoning module MeshEditor (338)
[2021.09.20-14.00.54:874][689]LogModuleManager: Shutting down and abandoning module CryptoKeysOpenSSL (336)
[2021.09.20-14.00.54:874][689]LogModuleManager: Shutting down and abandoning module CryptoKeys (334)
[2021.09.20-14.00.54:874][689]LogModuleManager: Shutting down and abandoning module VisualStudioSourceCodeAccess (332)
[2021.09.20-14.00.54:874][689]LogModuleManager: Shutting down and abandoning module VisualStudioCodeSourceCodeAccess (330)
[2021.09.20-14.00.54:874][689]LogModuleManager: Shutting down and abandoning module UObjectPlugin (328)
[2021.09.20-14.00.54:874][689]LogModuleManager: Shutting down and abandoning module SubversionSourceControl (326)
[2021.09.20-14.00.54:874][689]LogModuleManager: Shutting down and abandoning module PerforceSourceControl (324)
[2021.09.20-14.00.54:874][689]LogModuleManager: Shutting down and abandoning module GitSourceControl (322)
[2021.09.20-14.00.54:874][689]LogModuleManager: Shutting down and abandoning module SourceControl (321)
[2021.09.20-14.00.54:874][689]LogModuleManager: Shutting down and abandoning module CLionSourceCodeAccess (318)
[2021.09.20-14.00.54:874][689]LogModuleManager: Shutting down and abandoning module ActorLayerUtilitiesEditor (316)
[2021.09.20-14.00.54:875][689]LogModuleManager: Shutting down and abandoning module ActorLayerUtilities (314)
[2021.09.20-14.00.54:875][689]LogModuleManager: Shutting down and abandoning module LightPropagationVolumeEditor (312)
[2021.09.20-14.00.54:875][689]LogModuleManager: Shutting down and abandoning module PaperTiledImporter (310)
[2021.09.20-14.00.54:875][689]LogModuleManager: Shutting down and abandoning module PaperSpriteSheetImporter (308)
[2021.09.20-14.00.54:875][689]LogModuleManager: Shutting down and abandoning module Paper2DEditor (306)
[2021.09.20-14.00.54:875][689]LogModuleManager: Shutting down and abandoning module MeshPaint (305)
[2021.09.20-14.00.54:875][689]LogModuleManager: Shutting down and abandoning module SteamAudio (302)
[2021.09.20-14.00.54:875][689]LogSteamAudio: FSteamAudioModule Shutdown
[2021.09.20-14.00.54:875][689]LogModuleManager: Shutting down and abandoning module RuntimePhysXCooking (300)
[2021.09.20-14.00.54:875][689]LogModuleManager: Shutting down and abandoning module PhysXVehiclesEditor (298)
[2021.09.20-14.00.54:875][689]LogModuleManager: Shutting down and abandoning module PhysXVehicles (296)
[2021.09.20-14.00.54:875][689]LogModuleManager: Shutting down and abandoning module OculusEditor (294)
[2021.09.20-14.00.54:875][689]LogModuleManager: Shutting down and abandoning module LocationServicesBPLibrary (292)
[2021.09.20-14.00.54:875][689]LogModuleManager: Shutting down and abandoning module ApexDestructionEditor (290)
[2021.09.20-14.00.54:876][689]LogModuleManager: Shutting down and abandoning module ApexDestruction (288)
[2021.09.20-14.00.54:876][689]LogModuleManager: Shutting down and abandoning module ActorSequence (286)
[2021.09.20-14.00.54:876][689]LogModuleManager: Shutting down and abandoning module UdpMessaging (284)
[2021.09.20-14.00.54:976][689]LogModuleManager: Shutting down and abandoning module TcpMessaging (282)
[2021.09.20-14.00.55:077][689]LogModuleManager: Shutting down and abandoning module MagicLeapAudio (280)
[2021.09.20-14.00.55:077][689]LogModuleManager: Shutting down and abandoning module GameplayTagsEditor (278)
[2021.09.20-14.00.55:077][689]LogModuleManager: Shutting down and abandoning module FacialAnimationEditor (276)
[2021.09.20-14.00.55:077][689]LogModuleManager: Shutting down and abandoning module FacialAnimation (274)
[2021.09.20-14.00.55:077][689]LogModuleManager: Shutting down and abandoning module DataValidation (272)
[2021.09.20-14.00.55:077][689]LogModuleManager: Shutting down and abandoning module AssetManagerEditor (270)
[2021.09.20-14.00.55:077][689]LogModuleManager: Shutting down and abandoning module LevelEditor (269)
[2021.09.20-14.00.55:077][689]LogModuleManager: Shutting down and abandoning module PixelInspectorModule (268)
[2021.09.20-14.00.55:077][689]LogModuleManager: Shutting down and abandoning module CommonMenuExtensions (266)
[2021.09.20-14.00.55:077][689]LogModuleManager: Shutting down and abandoning module MainFrame (264)
[2021.09.20-14.00.55:077][689]LogModuleManager: Shutting down and abandoning module HotReload (263)
[2021.09.20-14.00.55:077][689]LogModuleManager: Shutting down and abandoning module ContentBrowser (259)
[2021.09.20-14.00.55:078][689]LogModuleManager: Shutting down and abandoning module TreeMap (257)
[2021.09.20-14.00.55:078][689]LogModuleManager: Shutting down and abandoning module LightPropagationVolumeRuntime (254)
[2021.09.20-14.00.55:078][689]LogModuleManager: Shutting down and abandoning module AISupportModule (252)
[2021.09.20-14.00.55:078][689]LogModuleManager: Shutting down and abandoning module Paper2D (250)
[2021.09.20-14.00.55:078][689]LogModuleManager: Shutting down and abandoning module WindowsMoviePlayer (248)
[2021.09.20-14.00.55:078][689]LogModuleManager: Shutting down and abandoning module WebMMoviePlayer (246)
[2021.09.20-14.00.55:078][689]LogModuleManager: Shutting down and abandoning module WmfMedia (244)
[2021.09.20-14.00.55:080][689]LogModuleManager: Shutting down and abandoning module Media (243)
[2021.09.20-14.00.55:085][689]LogModuleManager: Shutting down and abandoning module PacketHandler (240)
[2021.09.20-14.00.55:085][689]LogModuleManager: Shutting down and abandoning module ClothingSystemEditor (238)
[2021.09.20-14.00.55:085][689]LogModuleManager: Shutting down and abandoning module ClothingSystemRuntime (236)
[2021.09.20-14.00.55:085][689]LogModuleManager: Shutting down and abandoning module MediaAssets (234)
[2021.09.20-14.00.55:085][689]LogModuleManager: Shutting down and abandoning module Overlay (232)
[2021.09.20-14.00.55:085][689]LogModuleManager: Shutting down and abandoning module OverlayEditor (231)
[2021.09.20-14.00.55:085][689]LogModuleManager: Shutting down and abandoning module EnvironmentQueryEditor (228)
[2021.09.20-14.00.55:085][689]LogModuleManager: Shutting down and abandoning module VREditor (226)
[2021.09.20-14.00.55:085][689]LogModuleManager: Shutting down and abandoning module StringTableEditor (224)
[2021.09.20-14.00.55:085][689]LogModuleManager: Shutting down and abandoning module GameplayTasksEditor (222)
[2021.09.20-14.00.55:085][689]LogModuleManager: Shutting down and abandoning module BehaviorTreeEditor (220)
[2021.09.20-14.00.55:085][689]LogModuleManager: Shutting down and abandoning module FunctionalTesting (218)
[2021.09.20-14.00.55:085][689]LogModuleManager: Shutting down and abandoning module CollisionAnalyzer (216)
[2021.09.20-14.00.55:085][689]LogModuleManager: Shutting down and abandoning module WorkspaceMenuStructure (215)
[2021.09.20-14.00.55:085][689]LogModuleManager: Shutting down and abandoning module UMG (212)
[2021.09.20-14.00.55:085][689]LogModuleManager: Shutting down and abandoning module UMGEditor (211)
[2021.09.20-14.00.55:085][689]LogModuleManager: Shutting down and abandoning module Sequencer (210)
[2021.09.20-14.00.55:085][689]LogModuleManager: Shutting down and abandoning module MessageLog (207)
[2021.09.20-14.00.55:085][689]LogModuleManager: Shutting down and abandoning module SlateReflector (202)
[2021.09.20-14.00.55:085][689]LogModuleManager: Shutting down and abandoning module Slate (200)
[2021.09.20-14.00.55:085][689]LogModuleManager: Shutting down and abandoning module EditorStyle (198)
[2021.09.20-14.00.55:086][689]LogModuleManager: Shutting down and abandoning module MRMesh (196)
[2021.09.20-14.00.55:086][689]LogModuleManager: Shutting down and abandoning module SourceCodeAccess (194)
[2021.09.20-14.00.55:086][689]LogModuleManager: Shutting down and abandoning module HeadMountedDisplay (192)
[2021.09.20-14.00.55:086][689]LogModuleManager: Shutting down and abandoning module XAudio2 (190)
[2021.09.20-14.00.55:086][689]LogModuleManager: Shutting down and abandoning module Networking (188)
[2021.09.20-14.00.55:086][689]LogModuleManager: Shutting down and abandoning module Core (186)
[2021.09.20-14.00.55:086][689]LogModuleManager: Shutting down and abandoning module LevelSequence (184)
[2021.09.20-14.00.55:086][689]LogModuleManager: Shutting down and abandoning module KismetCompiler (182)
[2021.09.20-14.00.55:086][689]LogModuleManager: Shutting down and abandoning module MeshUtilities (180)
[2021.09.20-14.00.55:086][689]LogModuleManager: Shutting down and abandoning module MeshMergeUtilities (179)
[2021.09.20-14.00.55:086][689]LogModuleManager: Shutting down and abandoning module MeshReductionInterface (178)
[2021.09.20-14.00.55:086][689]LogModuleManager: Shutting down and abandoning module SimplygonSwarm (177)
[2021.09.20-14.00.55:086][689]LogModuleManager: Shutting down and abandoning module ProxyLODMeshReduction (175)
[2021.09.20-14.00.55:086][689]LogModuleManager: Shutting down and abandoning module SimplygonMeshReduction (173)
[2021.09.20-14.00.55:087][689]LogModuleManager: Shutting down and abandoning module QuadricMeshReduction (171)
[2021.09.20-14.00.55:087][689]LogModuleManager: Shutting down and abandoning module MaterialBaking (167)
[2021.09.20-14.00.55:087][689]LogModuleManager: Shutting down and abandoning module DirectoryWatcher (163)
[2021.09.20-14.00.55:087][689]LogModuleManager: Shutting down and abandoning module DerivedDataCache (160)
[2021.09.20-14.00.55:110][689]LogDerivedDataCache: Shutdown
[2021.09.20-14.00.55:110][689]LogModuleManager: Shutting down and abandoning module XGEController (158)
[2021.09.20-14.00.55:110][689]LogXGEController: Cleaning working directory: C:/Users/cedri/AppData/Local/Temp/UnrealXGEWorkingDir/
[2021.09.20-14.00.55:110][689]LogModuleManager: Shutting down and abandoning module TargetPlatform (156)
[2021.09.20-14.00.55:110][689]LogModuleManager: Shutting down and abandoning module VulkanShaderFormat (155)
[2021.09.20-14.00.55:110][689]LogModuleManager: Shutting down and abandoning module ShaderFormatVectorVM (153)
[2021.09.20-14.00.55:110][689]LogModuleManager: Shutting down and abandoning module ShaderFormatOpenGL (151)
[2021.09.20-14.00.55:110][689]LogModuleManager: Shutting down and abandoning module ShaderFormatD3D (149)
[2021.09.20-14.00.55:110][689]LogModuleManager: Shutting down and abandoning module MetalShaderFormat (147)
[2021.09.20-14.00.55:110][689]LogModuleManager: Shutting down and abandoning module TextureFormatUncompressed (145)
[2021.09.20-14.00.55:110][689]LogModuleManager: Shutting down and abandoning module TextureFormatPVR (143)
[2021.09.20-14.00.55:110][689]LogModuleManager: Shutting down and abandoning module TextureFormatDXT (141)
[2021.09.20-14.00.55:110][689]LogModuleManager: Shutting down and abandoning module TextureFormatIntelISPCTexComp (139)
[2021.09.20-14.00.55:110][689]LogModuleManager: Shutting down and abandoning module TextureFormatASTC (137)
[2021.09.20-14.00.55:110][689]LogModuleManager: Shutting down and abandoning module ImageWrapper (136)
[2021.09.20-14.00.55:110][689]LogModuleManager: Shutting down and abandoning module TextureFormatAndroid (133)
[2021.09.20-14.00.55:110][689]LogModuleManager: Shutting down and abandoning module AudioFormatOpus (131)
[2021.09.20-14.00.55:110][689]LogModuleManager: Shutting down and abandoning module AudioFormatOgg (129)
[2021.09.20-14.00.55:110][689]LogModuleManager: Shutting down and abandoning module AudioFormatADPCM (127)
[2021.09.20-14.00.55:110][689]LogModuleManager: Shutting down and abandoning module LuminTargetPlatform (125)
[2021.09.20-14.00.55:110][689]LogModuleManager: Shutting down and abandoning module LinuxTargetPlatform (123)
[2021.09.20-14.00.55:110][689]LogModuleManager: Shutting down and abandoning module LinuxServerTargetPlatform (121)
[2021.09.20-14.00.55:110][689]LogModuleManager: Shutting down and abandoning module LinuxNoEditorTargetPlatform (119)
[2021.09.20-14.00.55:110][689]LogModuleManager: Shutting down and abandoning module LinuxClientTargetPlatform (117)
[2021.09.20-14.00.55:110][689]LogModuleManager: Shutting down and abandoning module TVOSTargetPlatform (115)
[2021.09.20-14.00.55:111][689]LogModuleManager: Shutting down and abandoning module Messaging (113)
[2021.09.20-14.00.55:111][689]LogModuleManager: Shutting down and abandoning module IOSTargetPlatform (111)
[2021.09.20-14.00.55:111][689]LogModuleManager: Shutting down and abandoning module HTML5TargetPlatform (109)
[2021.09.20-14.00.55:111][689]LogModuleManager: Shutting down and abandoning module AndroidTargetPlatform (107)
[2021.09.20-14.00.55:114][689]LogModuleManager: Shutting down and abandoning module WindowsTargetPlatform (105)
[2021.09.20-14.00.55:114][689]LogModuleManager: Shutting down and abandoning module WindowsServerTargetPlatform (103)
[2021.09.20-14.00.55:114][689]LogModuleManager: Shutting down and abandoning module WindowsNoEditorTargetPlatform (101)
[2021.09.20-14.00.55:115][689]LogModuleManager: Shutting down and abandoning module WindowsClientTargetPlatform (99)
[2021.09.20-14.00.55:115][689]LogModuleManager: Shutting down and abandoning module MacTargetPlatform (97)
[2021.09.20-14.00.55:115][689]LogModuleManager: Shutting down and abandoning module MacServerTargetPlatform (95)
[2021.09.20-14.00.55:115][689]LogModuleManager: Shutting down and abandoning module MacNoEditorTargetPlatform (93)
[2021.09.20-14.00.55:115][689]LogModuleManager: Shutting down and abandoning module MacClientTargetPlatform (91)
[2021.09.20-14.00.55:115][689]LogModuleManager: Shutting down and abandoning module AllDesktopTargetPlatform (89)
[2021.09.20-14.00.55:115][689]LogModuleManager: Shutting down and abandoning module InputCore (86)
[2021.09.20-14.00.55:115][689]LogModuleManager: Shutting down and abandoning module Settings (84)
[2021.09.20-14.00.55:115][689]LogModuleManager: Shutting down and abandoning module PhysXCooking (82)
[2021.09.20-14.00.55:115][689]LogModuleManager: Shutting down and abandoning module SteamVR (80)
[2021.09.20-14.00.55:115][689]LogHMD: Freeing OpenVRDLLHandle.
[2021.09.20-14.00.55:115][689]LogModuleManager: Shutting down and abandoning module OculusHMD (78)
[2021.09.20-14.00.55:115][689]LogModuleManager: Shutting down and abandoning module ExampleDeviceProfileSelector (76)
[2021.09.20-14.00.55:115][689]LogModuleManager: Shutting down and abandoning module LauncherChunkInstaller (74)
[2021.09.20-14.00.55:115][689]LogModuleManager: Shutting down and abandoning module OnlineBlueprintSupport (72)
[2021.09.20-14.00.55:115][689]LogModuleManager: Shutting down and abandoning module OnlineSubsystem (68)
[2021.09.20-14.00.55:115][689]LogModuleManager: Shutting down and abandoning module XMPP (63)
[2021.09.20-14.00.55:115][689]LogModuleManager: Shutting down and abandoning module WebSockets (62)
[2021.09.20-14.00.55:147][689]LogModuleManager: Shutting down and abandoning module HTTP (59)
[2021.09.20-14.00.55:147][689]LogHttp: Display: Http module shutting down, but needs to wait on 1 outstanding Http requests:
[2021.09.20-14.00.55:147][689]LogHttp: Display: 	verb=[POST] url=[https://datarouter.ol.epicgames.com/datarouter/api/v1/public/data?SessionID=%7B4CF6DF1D-47C7-9A0E-DEF8-50B2497260DF%7D&AppID=UEEditor.Rocket.Release&AppVersion=4.21.2-4753647%2B%2B%2BUE4%2BRelease-4.21&UserID=5832cdd74b6182de8fd9f7963865da3e%7Ceb60bfe4c9d648518a4075239e3df393%7C48c5a543-e459-4ccf-a98b-5ccad4c40aaf&AppEnvironment=datacollector-binary&UploadType=eteventstream] status=Processing
[2021.09.20-14.00.55:168][689]LogModuleManager: Shutting down and abandoning module SSL (58)
[2021.09.20-14.00.55:169][689]LogModuleManager: Shutting down and abandoning module MagicLeapIdentity (54)
[2021.09.20-14.00.55:169][689]LogModuleManager: Shutting down and abandoning module MagicLeapHelperVulkan (52)
[2021.09.20-14.00.55:169][689]LogModuleManager: Shutting down and abandoning module MagicLeapHelperOpenGL (50)
[2021.09.20-14.00.55:169][689]LogModuleManager: Shutting down and abandoning module MagicLeapSecureStorage (48)
[2021.09.20-14.00.55:169][689]LogModuleManager: Shutting down and abandoning module MagicLeapHandTracking (46)
[2021.09.20-14.00.55:169][689]LogModuleManager: Shutting down and abandoning module MagicLeapEyeTracker (44)
[2021.09.20-14.00.55:169][689]LogModuleManager: Shutting down and abandoning module MagicLeapController (42)
[2021.09.20-14.00.55:169][689]LogSlate: Slate User Destroyed.  User Index 0, Is Virtual User: 0
[2021.09.20-14.00.55:169][689]LogModuleManager: Shutting down and abandoning module MagicLeap (40)
[2021.09.20-14.00.55:169][689]LogModuleManager: Shutting down and abandoning module DatasmithContent (38)
[2021.09.20-14.00.55:169][689]LogModuleManager: Shutting down and abandoning module AnimationModifiers (36)
[2021.09.20-14.00.55:169][689]LogModuleManager: Shutting down and abandoning module PropertyEditor (35)
[2021.09.20-14.00.55:169][689]LogModuleManager: Shutting down and abandoning module AudioEditor (32)
[2021.09.20-14.00.55:169][689]LogModuleManager: Shutting down and abandoning module TextureCompressor (30)
[2021.09.20-14.00.55:169][689]LogModuleManager: Shutting down and abandoning module ShaderCore (28)
[2021.09.20-14.00.55:169][689]LogModuleManager: Shutting down and abandoning module Landscape (26)
[2021.09.20-14.00.55:170][689]LogModuleManager: Shutting down and abandoning module SlateRHIRenderer (24)
[2021.09.20-14.00.55:170][689]LogModuleManager: Shutting down and abandoning module OpenGLDrv (22)
[2021.09.20-14.00.55:170][689]LogModuleManager: Shutting down and abandoning module D3D11RHI (20)
[2021.09.20-14.00.55:170][689]LogModuleManager: Shutting down and abandoning module AnimGraphRuntime (18)
[2021.09.20-14.00.55:170][689]LogModuleManager: Shutting down and abandoning module Renderer (16)
[2021.09.20-14.00.55:170][689]LogModuleManager: Shutting down and abandoning module Engine (14)
[2021.09.20-14.00.55:170][689]LogModuleManager: Shutting down and abandoning module CoreUObject (12)
[2021.09.20-14.00.55:170][689]LogModuleManager: Shutting down and abandoning module NetworkFile (10)
[2021.09.20-14.00.55:170][689]LogModuleManager: Shutting down and abandoning module CookedIterativeFile (8)
[2021.09.20-14.00.55:170][689]LogModuleManager: Shutting down and abandoning module StreamingFile (6)
[2021.09.20-14.00.55:170][689]LogModuleManager: Shutting down and abandoning module SandboxFile (4)
[2021.09.20-14.00.55:170][689]LogModuleManager: Shutting down and abandoning module PakFile (2)
[2021.09.20-14.00.55:181][689]LogExit: Exiting.
[2021.09.20-14.00.55:192][689]Log file closed, 09/20/21 16:00:55
